{"meta": {"format": 3, "version": "7.13.5", "timestamp": "2026-04-27T21:54:33.463155", "branch_coverage": false, "show_contexts": false}, "files": {"src/__init__.py": {"executed_lines": [], "summary": {"covered_lines": 0, "num_statements": 0, "percent_covered": 100.0, "percent_covered_display": "100", "missing_lines": 0, "excluded_lines": 0, "percent_statements_covered": 100.0, "percent_statements_covered_display": "100"}, "missing_lines": [], "excluded_lines": [], "functions": {"": {"executed_lines": [], "summary": {"covered_lines": 0, "num_statements": 0, "percent_covered": 100.0, "percent_covered_display": "100", "missing_lines": 0, "excluded_lines": 0, "percent_statements_covered": 100.0, "percent_statements_covered_display": "100"}, "missing_lines": [], "excluded_lines": [], "start_line": 1}}, "classes": {"": {"executed_lines": [], "summary": {"covered_lines": 0, "num_statements": 0, "percent_covered": 100.0, "percent_covered_display": "100", "missing_lines": 0, "excluded_lines": 0, "percent_statements_covered": 100.0, "percent_statements_covered_display": "100"}, "missing_lines": [], "excluded_lines": [], "start_line": 1}}}, "src/app/__init__.py": {"executed_lines": [3, 4, 6, 7, 8, 9, 10, 19, 20, 23], "summary": {"covered_lines": 10, "num_statements": 10, "percent_covered": 100.0, "percent_covered_display": "100", "missing_lines": 0, "excluded_lines": 0, "percent_statements_covered": 100.0, "percent_statements_covered_display": "100"}, "missing_lines": [], "excluded_lines": [], "functions": {"": {"executed_lines": [3, 4, 6, 7, 8, 9, 10, 19, 20, 23], "summary": {"covered_lines": 10, "num_statements": 10, "percent_covered": 100.0, "percent_covered_display": "100", "missing_lines": 0, "excluded_lines": 0, "percent_statements_covered": 100.0, "percent_statements_covered_display": "100"}, "missing_lines": [], "excluded_lines": [], "start_line": 1}}, "classes": {"": {"executed_lines": [3, 4, 6, 7, 8, 9, 10, 19, 20, 23], "summary": {"covered_lines": 10, "num_statements": 10, "percent_covered": 100.0, "percent_covered_display": "100", "missing_lines": 0, "excluded_lines": 0, "percent_statements_covered": 100.0, "percent_statements_covered_display": "100"}, "missing_lines": [], "excluded_lines": [], "start_line": 1}}}, "src/app/execution.py": {"executed_lines": [3, 5, 6, 7, 8, 10, 12, 13, 22, 23, 24, 29, 30, 33, 34, 36, 37, 38, 43, 44, 45, 47, 48, 49, 50, 51, 52, 53, 54, 55, 57, 58, 59, 61, 63, 64, 65, 66, 67, 68, 69, 70, 71, 72, 75, 76, 78, 79, 81, 82, 85, 86, 87, 95, 96, 97, 98, 99, 100, 102, 103, 104, 105, 106, 108, 109, 110, 111, 112, 113, 116, 118, 119, 120, 121, 122, 123, 124, 128, 129, 131, 132, 133, 134, 139, 140, 141, 147, 150, 151, 153, 154, 155, 156, 159, 160, 161, 164, 168, 169, 171, 176, 177, 181, 184, 185, 186, 187, 189, 190, 197, 198, 199, 200, 202, 203, 204, 205, 206, 207, 208, 209, 210, 211, 212, 213, 214, 215, 216, 217, 218, 219, 221, 223, 224, 225, 226, 227, 229, 230, 231, 237, 239, 240, 241, 242, 243, 244, 245, 246, 247, 248, 249, 250, 252, 253, 254, 262, 263, 264, 265, 266, 267, 268, 269, 270, 271, 272, 274, 275, 276, 277, 278, 279, 280, 281, 283, 284, 285, 286, 289, 290, 292, 295, 299, 300, 301, 302, 305, 306, 308, 312, 315, 316, 318, 325, 326, 328, 329, 332, 333, 334, 335, 336, 337, 338, 339, 340, 341, 342, 343, 344, 345, 347, 348, 349, 350, 351, 352, 353, 356, 357, 358, 359, 364, 365, 366, 367, 368, 369, 370, 371, 372, 373, 374, 375, 378, 379, 380, 381, 382, 385, 386, 387, 388, 389, 390, 391, 392, 393, 394, 395, 396, 397, 398, 399, 402, 403, 423, 424, 428, 429, 444, 445, 446, 447, 448, 449, 450, 451, 452, 453, 454, 455, 457, 458, 462, 463, 464, 465, 466, 467, 468, 469, 470, 472, 473, 474, 476, 477, 478, 479, 480, 482, 483, 486, 490, 491, 494, 495, 497, 498, 500, 501, 502, 503, 504, 505, 506, 508, 509, 510, 514, 518, 519, 521, 522, 523, 524, 525, 528, 529, 530, 531, 532, 533, 536, 537, 539, 540, 541, 542, 543, 544, 545, 546, 547, 550, 551, 553, 554, 556, 557, 559, 560, 561, 562, 565, 566, 568, 569, 570, 571, 572, 573, 574, 577, 578, 580, 582, 583, 584, 587, 588, 603, 615, 617, 618, 619, 622, 623], "summary": {"covered_lines": 371, "num_statements": 434, "percent_covered": 85.48387096774194, "percent_covered_display": "85", "missing_lines": 63, "excluded_lines": 0, "percent_statements_covered": 85.48387096774194, "percent_statements_covered_display": "85"}, "missing_lines": [25, 26, 46, 83, 89, 90, 91, 92, 157, 158, 165, 178, 179, 182, 273, 293, 304, 313, 314, 360, 362, 363, 404, 405, 406, 407, 408, 409, 410, 411, 412, 413, 414, 416, 417, 418, 420, 425, 430, 431, 435, 436, 437, 438, 439, 440, 441, 459, 460, 485, 487, 496, 499, 515, 520, 538, 552, 555, 558, 567, 579, 581, 616], "excluded_lines": [], "functions": {"_same_path": {"executed_lines": [23, 24], "summary": {"covered_lines": 2, "num_statements": 4, "percent_covered": 50.0, "percent_covered_display": "50", "missing_lines": 2, "excluded_lines": 0, "percent_statements_covered": 50.0, "percent_statements_covered_display": "50"}, "missing_lines": [25, 26], "excluded_lines": [], "start_line": 22}, "_job_label": {"executed_lines": [30], "summary": {"covered_lines": 1, "num_statements": 1, "percent_covered": 100.0, "percent_covered_display": "100", "missing_lines": 0, "excluded_lines": 0, "percent_statements_covered": 100.0, "percent_statements_covered_display": "100"}, "missing_lines": [], "excluded_lines": [], "start_line": 29}, "_job_source_paths": {"executed_lines": [34, 36, 37, 38, 43, 44, 45, 47, 48, 49, 50, 51, 52, 53, 54, 55, 57, 58, 59, 61, 63, 64, 65, 66, 67, 68, 69, 70, 71, 72], "summary": {"covered_lines": 30, "num_statements": 31, "percent_covered": 96.7741935483871, "percent_covered_display": "97", "missing_lines": 1, "excluded_lines": 0, "percent_statements_covered": 96.7741935483871, "percent_statements_covered_display": "97"}, "missing_lines": [46], "excluded_lines": [], "start_line": 33}, "_job_effectively_moves_sources": {"executed_lines": [76, 78, 79, 81, 82, 85, 86, 87], "summary": {"covered_lines": 8, "num_statements": 13, "percent_covered": 61.53846153846154, "percent_covered_display": "62", "missing_lines": 5, "excluded_lines": 0, "percent_statements_covered": 61.53846153846154, "percent_statements_covered_display": "62"}, "missing_lines": [83, 89, 90, 91, 92], "excluded_lines": [], "start_line": 75}, "_build_source_move_conflict_warning": {"executed_lines": [96, 97, 98, 99, 100, 102, 103, 104, 105, 106, 108, 109, 110, 111, 112, 113, 116, 118, 119, 120, 121, 122, 123, 124, 128, 129, 131, 132, 133, 134, 139, 140, 141, 147], "summary": {"covered_lines": 34, "num_statements": 34, "percent_covered": 100.0, "percent_covered_display": "100", "missing_lines": 0, "excluded_lines": 0, "percent_statements_covered": 100.0, "percent_statements_covered_display": "100"}, "missing_lines": [], "excluded_lines": [], "start_line": 95}, "_start_selected_workflows": {"executed_lines": [151, 153, 154, 155, 156, 159, 160, 161], "summary": {"covered_lines": 8, "num_statements": 10, "percent_covered": 80.0, "percent_covered_display": "80", "missing_lines": 2, "excluded_lines": 0, "percent_statements_covered": 80.0, "percent_statements_covered_display": "80"}, "missing_lines": [157, 158], "excluded_lines": [], "start_line": 150}, "_start_all_active_workflows": {"executed_lines": [], "summary": {"covered_lines": 0, "num_statements": 1, "percent_covered": 0.0, "percent_covered_display": "0", "missing_lines": 1, "excluded_lines": 0, "percent_statements_covered": 0.0, "percent_statements_covered_display": "0"}, "missing_lines": [165], "excluded_lines": [], "start_line": 164}, "_start_workflow": {"executed_lines": [169, 171, 176, 177, 181, 184, 185, 186, 187, 189, 190, 197, 198, 199, 200, 202, 203, 204, 205, 206, 207, 208, 209, 210, 211, 212, 213, 214, 215, 216, 217, 218, 219, 221, 223, 224, 225, 226, 227, 229, 230, 231, 237, 239, 240, 241, 242, 243, 244, 245, 246, 247, 248, 249, 250, 252, 253, 254, 262, 263, 264, 265, 266, 267, 268, 269, 270, 271, 272, 274, 275, 276, 277, 278, 279, 280, 281, 283, 284, 285, 286], "summary": {"covered_lines": 81, "num_statements": 85, "percent_covered": 95.29411764705883, "percent_covered_display": "95", "missing_lines": 4, "excluded_lines": 0, "percent_statements_covered": 95.29411764705883, "percent_statements_covered_display": "95"}, "missing_lines": [178, 179, 182, 273], "excluded_lines": [], "start_line": 168}, "_cancel_workflow": {"executed_lines": [290, 292, 295, 299, 300, 301, 302, 305, 306, 308, 312, 315, 316, 318, 325, 326, 328, 329], "summary": {"covered_lines": 18, "num_statements": 22, "percent_covered": 81.81818181818181, "percent_covered_display": "82", "missing_lines": 4, "excluded_lines": 0, "percent_statements_covered": 81.81818181818181, "percent_statements_covered_display": "82"}, "missing_lines": [293, 304, 313, 314], "excluded_lines": [], "start_line": 289}, "_on_job_status": {"executed_lines": [334, 335, 336, 337, 338, 339, 340, 341, 342, 343, 344, 345, 347, 348, 349, 350, 351, 352, 353], "summary": {"covered_lines": 19, "num_statements": 19, "percent_covered": 100.0, "percent_covered_display": "100", "missing_lines": 0, "excluded_lines": 0, "percent_statements_covered": 100.0, "percent_statements_covered_display": "100"}, "missing_lines": [], "excluded_lines": [], "start_line": 333}, "_on_job_progress": {"executed_lines": [358, 359, 364, 365, 366, 367, 368, 369, 370, 371, 372, 373, 374, 375], "summary": {"covered_lines": 14, "num_statements": 17, "percent_covered": 82.3529411764706, "percent_covered_display": "82", "missing_lines": 3, "excluded_lines": 0, "percent_statements_covered": 82.3529411764706, "percent_statements_covered_display": "82"}, "missing_lines": [360, 362, 363], "excluded_lines": [], "start_line": 357}, "_on_source_status": {"executed_lines": [380, 381, 382], "summary": {"covered_lines": 3, "num_statements": 3, "percent_covered": 100.0, "percent_covered_display": "100", "missing_lines": 0, "excluded_lines": 0, "percent_statements_covered": 100.0, "percent_statements_covered_display": "100"}, "missing_lines": [], "excluded_lines": [], "start_line": 379}, "_on_source_progress": {"executed_lines": [387, 388, 389, 390, 391, 392, 393, 394, 395, 396, 397, 398, 399], "summary": {"covered_lines": 13, "num_statements": 13, "percent_covered": 100.0, "percent_covered_display": "100", "missing_lines": 0, "excluded_lines": 0, "percent_statements_covered": 100.0, "percent_statements_covered_display": "100"}, "missing_lines": [], "excluded_lines": [], "start_line": 386}, "_on_dl_progress": {"executed_lines": [], "summary": {"covered_lines": 0, "num_statements": 15, "percent_covered": 0.0, "percent_covered_display": "0", "missing_lines": 15, "excluded_lines": 0, "percent_statements_covered": 0.0, "percent_statements_covered_display": "0"}, "missing_lines": [404, 405, 406, 407, 408, 409, 410, 411, 412, 413, 414, 416, 417, 418, 420], "excluded_lines": [], "start_line": 403}, "_on_phase_changed": {"executed_lines": [], "summary": {"covered_lines": 0, "num_statements": 1, "percent_covered": 0.0, "percent_covered_display": "0", "missing_lines": 1, "excluded_lines": 0, "percent_statements_covered": 0.0, "percent_statements_covered_display": "0"}, "missing_lines": [425], "excluded_lines": [], "start_line": 424}, "_on_overall_progress": {"executed_lines": [], "summary": {"covered_lines": 0, "num_statements": 9, "percent_covered": 0.0, "percent_covered_display": "0", "missing_lines": 9, "excluded_lines": 0, "percent_statements_covered": 0.0, "percent_statements_covered_display": "0"}, "missing_lines": [430, 431, 435, 436, 437, 438, 439, 440, 441], "excluded_lines": [], "start_line": 429}, "_on_workflow_done": {"executed_lines": [446, 447, 448, 449, 450, 451, 452, 453, 454, 455, 457, 458, 462, 463, 464, 465, 466, 467, 468, 469, 470, 472, 473, 474, 476, 477, 478, 479, 480, 482, 483, 486], "summary": {"covered_lines": 32, "num_statements": 36, "percent_covered": 88.88888888888889, "percent_covered_display": "89", "missing_lines": 4, "excluded_lines": 0, "percent_statements_covered": 88.88888888888889, "percent_statements_covered_display": "89"}, "missing_lines": [459, 460, 485, 487], "excluded_lines": [], "start_line": 445}, "_refresh_runtime_durations": {"executed_lines": [491], "summary": {"covered_lines": 1, "num_statements": 1, "percent_covered": 100.0, "percent_covered_display": "100", "missing_lines": 0, "excluded_lines": 0, "percent_statements_covered": 100.0, "percent_statements_covered_display": "100"}, "missing_lines": [], "excluded_lines": [], "start_line": 490}, "_snapshot_runtime_durations": {"executed_lines": [495, 497, 498, 500, 501, 502, 503, 504, 505, 506, 508, 509, 510, 514], "summary": {"covered_lines": 14, "num_statements": 17, "percent_covered": 82.3529411764706, "percent_covered_display": "82", "missing_lines": 3, "excluded_lines": 0, "percent_statements_covered": 82.3529411764706, "percent_statements_covered_display": "82"}, "missing_lines": [496, 499, 515], "excluded_lines": [], "start_line": 494}, "_effective_job_elapsed_seconds": {"executed_lines": [519, 521, 522, 523, 524, 525], "summary": {"covered_lines": 6, "num_statements": 7, "percent_covered": 85.71428571428571, "percent_covered_display": "86", "missing_lines": 1, "excluded_lines": 0, "percent_statements_covered": 85.71428571428571, "percent_statements_covered_display": "86"}, "missing_lines": [520], "excluded_lines": [], "start_line": 518}, "_effective_workflow_elapsed_seconds": {"executed_lines": [529, 530, 531, 532, 533], "summary": {"covered_lines": 5, "num_statements": 5, "percent_covered": 100.0, "percent_covered_display": "100", "missing_lines": 0, "excluded_lines": 0, "percent_statements_covered": 100.0, "percent_statements_covered_display": "100"}, "missing_lines": [], "excluded_lines": [], "start_line": 528}, "_touch_job_duration": {"executed_lines": [537, 539, 540, 541, 542, 543, 544, 545, 546, 547], "summary": {"covered_lines": 10, "num_statements": 11, "percent_covered": 90.9090909090909, "percent_covered_display": "91", "missing_lines": 1, "excluded_lines": 0, "percent_statements_covered": 90.9090909090909, "percent_statements_covered_display": "91"}, "missing_lines": [538], "excluded_lines": [], "start_line": 536}, "_pause_job_duration": {"executed_lines": [551, 553, 554, 556, 557, 559, 560, 561, 562], "summary": {"covered_lines": 9, "num_statements": 12, "percent_covered": 75.0, "percent_covered_display": "75", "missing_lines": 3, "excluded_lines": 0, "percent_statements_covered": 75.0, "percent_statements_covered_display": "75"}, "missing_lines": [552, 555, 558], "excluded_lines": [], "start_line": 550}, "_freeze_job_duration": {"executed_lines": [566, 568, 569, 570, 571, 572, 573, 574], "summary": {"covered_lines": 8, "num_statements": 9, "percent_covered": 88.88888888888889, "percent_covered_display": "89", "missing_lines": 1, "excluded_lines": 0, "percent_statements_covered": 88.88888888888889, "percent_statements_covered_display": "89"}, "missing_lines": [567], "excluded_lines": [], "start_line": 565}, "_is_terminal_job_status": {"executed_lines": [578, 580, 582, 583, 584], "summary": {"covered_lines": 5, "num_statements": 7, "percent_covered": 71.42857142857143, "percent_covered_display": "71", "missing_lines": 2, "excluded_lines": 0, "percent_statements_covered": 71.42857142857143, "percent_statements_covered_display": "71"}, "missing_lines": [579, 581], "excluded_lines": [], "start_line": 577}, "_is_active_job_status": {"executed_lines": [588, 603, 615, 617, 618, 619], "summary": {"covered_lines": 6, "num_statements": 7, "percent_covered": 85.71428571428571, "percent_covered_display": "86", "missing_lines": 1, "excluded_lines": 0, "percent_statements_covered": 85.71428571428571, "percent_statements_covered_display": "86"}, "missing_lines": [616], "excluded_lines": [], "start_line": 587}, "_now_iso": {"executed_lines": [623], "summary": {"covered_lines": 1, "num_statements": 1, "percent_covered": 100.0, "percent_covered_display": "100", "missing_lines": 0, "excluded_lines": 0, "percent_statements_covered": 100.0, "percent_statements_covered_display": "100"}, "missing_lines": [], "excluded_lines": [], "start_line": 622}, "": {"executed_lines": [3, 5, 6, 7, 8, 10, 12, 13, 22, 29, 33, 75, 95, 150, 164, 168, 289, 332, 333, 356, 357, 378, 379, 385, 386, 402, 403, 423, 424, 428, 429, 444, 445, 490, 494, 518, 528, 536, 550, 565, 577, 587, 622], "summary": {"covered_lines": 43, "num_statements": 43, "percent_covered": 100.0, "percent_covered_display": "100", "missing_lines": 0, "excluded_lines": 0, "percent_statements_covered": 100.0, "percent_statements_covered_display": "100"}, "missing_lines": [], "excluded_lines": [], "start_line": 1}}, "classes": {"": {"executed_lines": [3, 5, 6, 7, 8, 10, 12, 13, 22, 23, 24, 29, 30, 33, 34, 36, 37, 38, 43, 44, 45, 47, 48, 49, 50, 51, 52, 53, 54, 55, 57, 58, 59, 61, 63, 64, 65, 66, 67, 68, 69, 70, 71, 72, 75, 76, 78, 79, 81, 82, 85, 86, 87, 95, 96, 97, 98, 99, 100, 102, 103, 104, 105, 106, 108, 109, 110, 111, 112, 113, 116, 118, 119, 120, 121, 122, 123, 124, 128, 129, 131, 132, 133, 134, 139, 140, 141, 147, 150, 151, 153, 154, 155, 156, 159, 160, 161, 164, 168, 169, 171, 176, 177, 181, 184, 185, 186, 187, 189, 190, 197, 198, 199, 200, 202, 203, 204, 205, 206, 207, 208, 209, 210, 211, 212, 213, 214, 215, 216, 217, 218, 219, 221, 223, 224, 225, 226, 227, 229, 230, 231, 237, 239, 240, 241, 242, 243, 244, 245, 246, 247, 248, 249, 250, 252, 253, 254, 262, 263, 264, 265, 266, 267, 268, 269, 270, 271, 272, 274, 275, 276, 277, 278, 279, 280, 281, 283, 284, 285, 286, 289, 290, 292, 295, 299, 300, 301, 302, 305, 306, 308, 312, 315, 316, 318, 325, 326, 328, 329, 332, 333, 334, 335, 336, 337, 338, 339, 340, 341, 342, 343, 344, 345, 347, 348, 349, 350, 351, 352, 353, 356, 357, 358, 359, 364, 365, 366, 367, 368, 369, 370, 371, 372, 373, 374, 375, 378, 379, 380, 381, 382, 385, 386, 387, 388, 389, 390, 391, 392, 393, 394, 395, 396, 397, 398, 399, 402, 403, 423, 424, 428, 429, 444, 445, 446, 447, 448, 449, 450, 451, 452, 453, 454, 455, 457, 458, 462, 463, 464, 465, 466, 467, 468, 469, 470, 472, 473, 474, 476, 477, 478, 479, 480, 482, 483, 486, 490, 491, 494, 495, 497, 498, 500, 501, 502, 503, 504, 505, 506, 508, 509, 510, 514, 518, 519, 521, 522, 523, 524, 525, 528, 529, 530, 531, 532, 533, 536, 537, 539, 540, 541, 542, 543, 544, 545, 546, 547, 550, 551, 553, 554, 556, 557, 559, 560, 561, 562, 565, 566, 568, 569, 570, 571, 572, 573, 574, 577, 578, 580, 582, 583, 584, 587, 588, 603, 615, 617, 618, 619, 622, 623], "summary": {"covered_lines": 371, "num_statements": 434, "percent_covered": 85.48387096774194, "percent_covered_display": "85", "missing_lines": 63, "excluded_lines": 0, "percent_statements_covered": 85.48387096774194, "percent_statements_covered_display": "85"}, "missing_lines": [25, 26, 46, 83, 89, 90, 91, 92, 157, 158, 165, 178, 179, 182, 273, 293, 304, 313, 314, 360, 362, 363, 404, 405, 406, 407, 408, 409, 410, 411, 412, 413, 414, 416, 417, 418, 420, 425, 430, 431, 435, 436, 437, 438, 439, 440, 441, 459, 460, 485, 487, 496, 499, 515, 520, 538, 552, 555, 558, 567, 579, 581, 616], "excluded_lines": [], "start_line": 1}}}, "src/app/helpers.py": {"executed_lines": [3, 5, 7, 17, 18, 19, 20, 21, 22, 23, 24, 25, 26, 27, 28, 31, 32, 37, 38, 39, 40, 41, 42, 43, 44, 45, 46, 47, 48, 49, 50, 51, 52, 53, 54, 55, 56, 57, 58, 59, 60, 61, 62, 65, 66, 67, 69, 70, 71, 72, 73, 74, 75, 76, 77, 80, 81, 82, 83, 84, 85, 86, 87, 88, 89, 103, 104, 118, 119, 120, 121, 122, 123, 124, 125, 126, 127, 128, 129, 132, 133, 147, 150, 151, 152, 153, 154, 155, 156, 157, 158, 159, 160, 163, 164, 165, 166, 167, 168, 169, 170, 171, 172, 173, 174, 175, 176, 188, 189, 190, 191, 192, 194, 195, 196, 197, 198, 199, 200, 201, 202, 203, 204, 205, 206, 207, 208, 209, 210, 211, 212, 213, 214, 215, 216, 219, 220, 223, 224, 227, 228, 229, 231, 245, 246, 247, 249, 250, 251, 252, 255, 256, 257, 259, 260, 262, 263, 264, 266, 267, 268, 270, 271, 272, 274, 275, 278, 279, 280, 282, 283, 284, 285, 286, 288, 289, 292, 293, 294, 295, 296, 298, 304, 307, 308, 309, 310, 312, 317, 318, 319, 320, 325, 330, 331, 332, 333, 335, 336, 337, 338, 339, 340, 342, 343, 344, 346, 347, 348, 349, 350, 352, 353, 354, 355, 356, 357, 358, 359, 360, 362, 363, 364, 365, 366, 367, 368, 371, 372, 373, 374, 375, 376, 377, 378, 381, 382, 390, 391, 392, 393, 394, 395, 396, 397, 400, 401, 402, 403, 404, 405, 406, 407, 408, 409, 410, 411, 412, 413, 416, 417, 418, 419, 421, 422, 423, 424, 425, 426, 428, 429, 430, 432, 433, 434, 435, 436, 437, 439, 440, 441, 442, 443, 444, 446, 447, 448, 449, 450, 451, 452, 453, 454, 455, 456, 457, 459, 460, 461, 462, 463, 464, 465], "summary": {"covered_lines": 303, "num_statements": 305, "percent_covered": 99.34426229508196, "percent_covered_display": "99", "missing_lines": 2, "excluded_lines": 0, "percent_statements_covered": 99.34426229508196, "percent_statements_covered_display": "99"}, "missing_lines": [258, 290], "excluded_lines": [], "functions": {"_summarize_source": {"executed_lines": [18, 19, 20, 21, 22, 23, 24, 25, 26, 27, 28], "summary": {"covered_lines": 11, "num_statements": 11, "percent_covered": 100.0, "percent_covered_display": "100", "missing_lines": 0, "excluded_lines": 0, "percent_statements_covered": 100.0, "percent_statements_covered_display": "100"}, "missing_lines": [], "excluded_lines": [], "start_line": 17}, "_summarize_pipeline": {"executed_lines": [32, 37, 38, 39, 40, 41, 42, 43, 44, 45, 46, 47, 48, 49, 50, 51, 52, 53, 54, 55, 56, 57, 58, 59, 60, 61, 62], "summary": {"covered_lines": 27, "num_statements": 27, "percent_covered": 100.0, "percent_covered_display": "100", "missing_lines": 0, "excluded_lines": 0, "percent_statements_covered": 100.0, "percent_statements_covered_display": "100"}, "missing_lines": [], "excluded_lines": [], "start_line": 31}, "_resolved_validation_branches": {"executed_lines": [66, 67, 69, 70, 71, 72, 73, 74, 75, 76, 77], "summary": {"covered_lines": 11, "num_statements": 11, "percent_covered": 100.0, "percent_covered_display": "100", "missing_lines": 0, "excluded_lines": 0, "percent_statements_covered": 100.0, "percent_statements_covered_display": "100"}, "missing_lines": [], "excluded_lines": [], "start_line": 65}, "_format_resume_tooltip": {"executed_lines": [81, 82, 83, 84, 85, 86, 87, 88, 89, 103, 104, 118, 119, 120, 121, 122, 123, 124, 125, 126, 127, 128, 129], "summary": {"covered_lines": 23, "num_statements": 23, "percent_covered": 100.0, "percent_covered_display": "100", "missing_lines": 0, "excluded_lines": 0, "percent_statements_covered": 100.0, "percent_statements_covered_display": "100"}, "missing_lines": [], "excluded_lines": [], "start_line": 80}, "_step_resume_status": {"executed_lines": [133, 147], "summary": {"covered_lines": 2, "num_statements": 2, "percent_covered": 100.0, "percent_covered_display": "100", "missing_lines": 0, "excluded_lines": 0, "percent_statements_covered": 100.0, "percent_statements_covered_display": "100"}, "missing_lines": [], "excluded_lines": [], "start_line": 132}, "format_elapsed_seconds": {"executed_lines": [151, 152, 153, 154, 155, 156, 157, 158, 159, 160], "summary": {"covered_lines": 10, "num_statements": 10, "percent_covered": 100.0, "percent_covered_display": "100", "missing_lines": 0, "excluded_lines": 0, "percent_statements_covered": 100.0, "percent_statements_covered_display": "100"}, "missing_lines": [], "excluded_lines": [], "start_line": 150}, "_planned_job_steps": {"executed_lines": [164, 165, 166, 167, 168, 169, 170, 171, 172, 173, 174, 175, 176, 188, 189, 190, 191, 192, 194, 195, 196, 197, 198, 199, 200, 201, 202, 203, 204, 205, 206, 207, 208, 209, 210, 211, 212, 213, 214, 215, 216], "summary": {"covered_lines": 41, "num_statements": 41, "percent_covered": 100.0, "percent_covered_display": "100", "missing_lines": 0, "excluded_lines": 0, "percent_statements_covered": 100.0, "percent_statements_covered_display": "100"}, "missing_lines": [], "excluded_lines": [], "start_line": 163}, "_current_planned_job_steps": {"executed_lines": [220], "summary": {"covered_lines": 1, "num_statements": 1, "percent_covered": 100.0, "percent_covered_display": "100", "missing_lines": 0, "excluded_lines": 0, "percent_statements_covered": 100.0, "percent_statements_covered_display": "100"}, "missing_lines": [], "excluded_lines": [], "start_line": 219}, "_is_finished_step": {"executed_lines": [224], "summary": {"covered_lines": 1, "num_statements": 1, "percent_covered": 100.0, "percent_covered_display": "100", "missing_lines": 0, "excluded_lines": 0, "percent_statements_covered": 100.0, "percent_statements_covered_display": "100"}, "missing_lines": [], "excluded_lines": [], "start_line": 223}, "_infer_step_key": {"executed_lines": [228, 229, 231, 245, 246, 247, 249, 250, 251, 252], "summary": {"covered_lines": 10, "num_statements": 10, "percent_covered": 100.0, "percent_covered_display": "100", "missing_lines": 0, "excluded_lines": 0, "percent_statements_covered": 100.0, "percent_statements_covered_display": "100"}, "missing_lines": [], "excluded_lines": [], "start_line": 227}, "_compute_job_overall_progress": {"executed_lines": [256, 257, 259, 260, 262, 263, 264, 266, 267, 268, 270, 271, 272, 274, 275], "summary": {"covered_lines": 15, "num_statements": 16, "percent_covered": 93.75, "percent_covered_display": "94", "missing_lines": 1, "excluded_lines": 0, "percent_statements_covered": 93.75, "percent_statements_covered_display": "94"}, "missing_lines": [258], "excluded_lines": [], "start_line": 255}, "_workflow_step_progress": {"executed_lines": [279, 280, 282, 283, 284, 285, 286, 288, 289, 292, 293, 294, 295, 296, 298, 304], "summary": {"covered_lines": 16, "num_statements": 17, "percent_covered": 94.11764705882354, "percent_covered_display": "94", "missing_lines": 1, "excluded_lines": 0, "percent_statements_covered": 94.11764705882354, "percent_statements_covered_display": "94"}, "missing_lines": [290], "excluded_lines": [], "start_line": 278}, "_normalize_cancelled_resume_state": {"executed_lines": [308, 309, 310, 312, 317, 318, 319, 320, 325, 330, 331, 332, 333, 335, 336, 337, 338, 339, 340, 342, 343, 344, 346, 347, 348, 349, 350, 352, 353, 354, 355, 356, 357, 358, 359, 360, 362, 363, 364, 365, 366, 367, 368], "summary": {"covered_lines": 43, "num_statements": 43, "percent_covered": 100.0, "percent_covered_display": "100", "missing_lines": 0, "excluded_lines": 0, "percent_statements_covered": 100.0, "percent_statements_covered_display": "100"}, "missing_lines": [], "excluded_lines": [], "start_line": 307}, "_job_has_source_config": {"executed_lines": [372, 373, 374, 375, 376, 377, 378], "summary": {"covered_lines": 7, "num_statements": 7, "percent_covered": 100.0, "percent_covered_display": "100", "missing_lines": 0, "excluded_lines": 0, "percent_statements_covered": 100.0, "percent_statements_covered_display": "100"}, "missing_lines": [], "excluded_lines": [], "start_line": 371}, "_job_is_placeholder": {"executed_lines": [382], "summary": {"covered_lines": 1, "num_statements": 1, "percent_covered": 100.0, "percent_covered_display": "100", "missing_lines": 0, "excluded_lines": 0, "percent_statements_covered": 100.0, "percent_statements_covered_display": "100"}, "missing_lines": [], "excluded_lines": [], "start_line": 381}, "_jobs_look_compatible": {"executed_lines": [391, 392, 393, 394, 395, 396, 397], "summary": {"covered_lines": 7, "num_statements": 7, "percent_covered": 100.0, "percent_covered_display": "100", "missing_lines": 0, "excluded_lines": 0, "percent_statements_covered": 100.0, "percent_statements_covered_display": "100"}, "missing_lines": [], "excluded_lines": [], "start_line": 390}, "_overlay_resume_state": {"executed_lines": [401, 402, 403, 404, 405, 406, 407, 408, 409, 410, 411, 412, 413], "summary": {"covered_lines": 13, "num_statements": 13, "percent_covered": 100.0, "percent_covered_display": "100", "missing_lines": 0, "excluded_lines": 0, "percent_statements_covered": 100.0, "percent_statements_covered_display": "100"}, "missing_lines": [], "excluded_lines": [], "start_line": 400}, "_repair_restored_workflow": {"executed_lines": [417, 418, 419, 421, 422, 423, 424, 425, 426, 428, 429, 430, 432, 433, 434, 435, 436, 437, 439, 440, 441, 442, 443, 444, 446, 447, 448, 449, 450, 451, 452, 453, 454, 455, 456, 457, 459, 460, 461, 462, 463, 464, 465], "summary": {"covered_lines": 43, "num_statements": 43, "percent_covered": 100.0, "percent_covered_display": "100", "missing_lines": 0, "excluded_lines": 0, "percent_statements_covered": 100.0, "percent_statements_covered_display": "100"}, "missing_lines": [], "excluded_lines": [], "start_line": 416}, "": {"executed_lines": [3, 5, 7, 17, 31, 65, 80, 132, 150, 163, 219, 223, 227, 255, 278, 307, 371, 381, 390, 400, 416], "summary": {"covered_lines": 21, "num_statements": 21, "percent_covered": 100.0, "percent_covered_display": "100", "missing_lines": 0, "excluded_lines": 0, "percent_statements_covered": 100.0, "percent_statements_covered_display": "100"}, "missing_lines": [], "excluded_lines": [], "start_line": 1}}, "classes": {"": {"executed_lines": [3, 5, 7, 17, 18, 19, 20, 21, 22, 23, 24, 25, 26, 27, 28, 31, 32, 37, 38, 39, 40, 41, 42, 43, 44, 45, 46, 47, 48, 49, 50, 51, 52, 53, 54, 55, 56, 57, 58, 59, 60, 61, 62, 65, 66, 67, 69, 70, 71, 72, 73, 74, 75, 76, 77, 80, 81, 82, 83, 84, 85, 86, 87, 88, 89, 103, 104, 118, 119, 120, 121, 122, 123, 124, 125, 126, 127, 128, 129, 132, 133, 147, 150, 151, 152, 153, 154, 155, 156, 157, 158, 159, 160, 163, 164, 165, 166, 167, 168, 169, 170, 171, 172, 173, 174, 175, 176, 188, 189, 190, 191, 192, 194, 195, 196, 197, 198, 199, 200, 201, 202, 203, 204, 205, 206, 207, 208, 209, 210, 211, 212, 213, 214, 215, 216, 219, 220, 223, 224, 227, 228, 229, 231, 245, 246, 247, 249, 250, 251, 252, 255, 256, 257, 259, 260, 262, 263, 264, 266, 267, 268, 270, 271, 272, 274, 275, 278, 279, 280, 282, 283, 284, 285, 286, 288, 289, 292, 293, 294, 295, 296, 298, 304, 307, 308, 309, 310, 312, 317, 318, 319, 320, 325, 330, 331, 332, 333, 335, 336, 337, 338, 339, 340, 342, 343, 344, 346, 347, 348, 349, 350, 352, 353, 354, 355, 356, 357, 358, 359, 360, 362, 363, 364, 365, 366, 367, 368, 371, 372, 373, 374, 375, 376, 377, 378, 381, 382, 390, 391, 392, 393, 394, 395, 396, 397, 400, 401, 402, 403, 404, 405, 406, 407, 408, 409, 410, 411, 412, 413, 416, 417, 418, 419, 421, 422, 423, 424, 425, 426, 428, 429, 430, 432, 433, 434, 435, 436, 437, 439, 440, 441, 442, 443, 444, 446, 447, 448, 449, 450, 451, 452, 453, 454, 455, 456, 457, 459, 460, 461, 462, 463, 464, 465], "summary": {"covered_lines": 303, "num_statements": 305, "percent_covered": 99.34426229508196, "percent_covered_display": "99", "missing_lines": 2, "excluded_lines": 0, "percent_statements_covered": 99.34426229508196, "percent_statements_covered_display": "99"}, "missing_lines": [258, 290], "excluded_lines": [], "start_line": 1}}}, "src/app/settings_actions.py": {"executed_lines": [3, 6, 14, 21, 27, 33, 39], "summary": {"covered_lines": 7, "num_statements": 22, "percent_covered": 31.818181818181817, "percent_covered_display": "32", "missing_lines": 15, "excluded_lines": 0, "percent_statements_covered": 31.818181818181817, "percent_statements_covered_display": "32"}, "missing_lines": [7, 9, 10, 11, 15, 17, 18, 22, 24, 28, 30, 34, 36, 40, 42], "excluded_lines": [], "functions": {"_open_camera_settings": {"executed_lines": [], "summary": {"covered_lines": 0, "num_statements": 4, "percent_covered": 0.0, "percent_covered_display": "0", "missing_lines": 4, "excluded_lines": 0, "percent_statements_covered": 0.0, "percent_statements_covered_display": "0"}, "missing_lines": [7, 9, 10, 11], "excluded_lines": [], "start_line": 6}, "_open_video_settings": {"executed_lines": [], "summary": {"covered_lines": 0, "num_statements": 3, "percent_covered": 0.0, "percent_covered_display": "0", "missing_lines": 3, "excluded_lines": 0, "percent_statements_covered": 0.0, "percent_statements_covered_display": "0"}, "missing_lines": [15, 17, 18], "excluded_lines": [], "start_line": 14}, "_open_audio_settings": {"executed_lines": [], "summary": {"covered_lines": 0, "num_statements": 2, "percent_covered": 0.0, "percent_covered_display": "0", "missing_lines": 2, "excluded_lines": 0, "percent_statements_covered": 0.0, "percent_statements_covered_display": "0"}, "missing_lines": [22, 24], "excluded_lines": [], "start_line": 21}, "_open_youtube_settings": {"executed_lines": [], "summary": {"covered_lines": 0, "num_statements": 2, "percent_covered": 0.0, "percent_covered_display": "0", "missing_lines": 2, "excluded_lines": 0, "percent_statements_covered": 0.0, "percent_statements_covered_display": "0"}, "missing_lines": [28, 30], "excluded_lines": [], "start_line": 27}, "_open_kaderblick_settings": {"executed_lines": [], "summary": {"covered_lines": 0, "num_statements": 2, "percent_covered": 0.0, "percent_covered_display": "0", "missing_lines": 2, "excluded_lines": 0, "percent_statements_covered": 0.0, "percent_statements_covered_display": "0"}, "missing_lines": [34, 36], "excluded_lines": [], "start_line": 33}, "_open_general_settings": {"executed_lines": [], "summary": {"covered_lines": 0, "num_statements": 2, "percent_covered": 0.0, "percent_covered_display": "0", "missing_lines": 2, "excluded_lines": 0, "percent_statements_covered": 0.0, "percent_statements_covered_display": "0"}, "missing_lines": [40, 42], "excluded_lines": [], "start_line": 39}, "": {"executed_lines": [3, 6, 14, 21, 27, 33, 39], "summary": {"covered_lines": 7, "num_statements": 7, "percent_covered": 100.0, "percent_covered_display": "100", "missing_lines": 0, "excluded_lines": 0, "percent_statements_covered": 100.0, "percent_statements_covered_display": "100"}, "missing_lines": [], "excluded_lines": [], "start_line": 1}}, "classes": {"": {"executed_lines": [3, 6, 14, 21, 27, 33, 39], "summary": {"covered_lines": 7, "num_statements": 22, "percent_covered": 31.818181818181817, "percent_covered_display": "32", "missing_lines": 15, "excluded_lines": 0, "percent_statements_covered": 31.818181818181817, "percent_statements_covered_display": "32"}, "missing_lines": [7, 9, 10, 11, 15, 17, 18, 22, 24, 28, 30, 34, 36, 40, 42], "excluded_lines": [], "start_line": 1}}}, "src/app/theme.py": {"executed_lines": [3, 5, 6, 8, 9, 10, 12, 15, 16, 17, 18, 19, 20, 21, 22, 23, 24, 25, 26, 27, 28, 30, 33, 34, 35, 36, 37, 38, 39, 40, 41, 43, 52, 55, 78, 79, 80, 83, 84, 85, 86, 87, 88, 90, 91, 92, 93, 94, 97, 98, 99, 100, 101, 102, 103, 106, 107, 108, 109, 110, 111, 114, 116, 117, 119, 120, 121, 122, 123, 124, 125, 126, 135, 136, 137, 138, 139, 140, 141, 142, 144, 145, 146, 147, 148, 149, 150, 151, 152, 153, 155, 158, 159], "summary": {"covered_lines": 93, "num_statements": 124, "percent_covered": 75.0, "percent_covered_display": "75", "missing_lines": 31, "excluded_lines": 0, "percent_statements_covered": 75.0, "percent_statements_covered_display": "75"}, "missing_lines": [44, 45, 46, 47, 48, 49, 50, 53, 56, 57, 58, 59, 60, 61, 62, 64, 65, 66, 68, 69, 70, 72, 73, 74, 75, 81, 128, 129, 130, 131, 132], "excluded_lines": [], "functions": {"BrandWordmarkWidget.__init__": {"executed_lines": [35, 36, 37, 38, 39, 40, 41], "summary": {"covered_lines": 7, "num_statements": 7, "percent_covered": 100.0, "percent_covered_display": "100", "missing_lines": 0, "excluded_lines": 0, "percent_statements_covered": 100.0, "percent_statements_covered_display": "100"}, "missing_lines": [], "excluded_lines": [], "start_line": 34}, "BrandWordmarkWidget.sizeHint": {"executed_lines": [], "summary": {"covered_lines": 0, "num_statements": 7, "percent_covered": 0.0, "percent_covered_display": "0", "missing_lines": 7, "excluded_lines": 0, "percent_statements_covered": 0.0, "percent_statements_covered_display": "0"}, "missing_lines": [44, 45, 46, 47, 48, 49, 50], "excluded_lines": [], "start_line": 43}, "BrandWordmarkWidget.minimumSizeHint": {"executed_lines": [], "summary": {"covered_lines": 0, "num_statements": 1, "percent_covered": 0.0, "percent_covered_display": "0", "missing_lines": 1, "excluded_lines": 0, "percent_statements_covered": 0.0, "percent_statements_covered_display": "0"}, "missing_lines": [53], "excluded_lines": [], "start_line": 52}, "BrandWordmarkWidget.paintEvent": {"executed_lines": [], "summary": {"covered_lines": 0, "num_statements": 17, "percent_covered": 0.0, "percent_covered_display": "0", "missing_lines": 17, "excluded_lines": 0, "percent_statements_covered": 0.0, "percent_statements_covered_display": "0"}, "missing_lines": [56, 57, 58, 59, 60, 61, 62, 64, 65, 66, 68, 69, 70, 72, 73, 74, 75], "excluded_lines": [], "start_line": 55}, "apply_application_theme": {"executed_lines": [79, 80, 83, 84, 85, 86, 87, 88, 90, 91, 92, 93, 94], "summary": {"covered_lines": 13, "num_statements": 14, "percent_covered": 92.85714285714286, "percent_covered_display": "93", "missing_lines": 1, "excluded_lines": 0, "percent_statements_covered": 92.85714285714286, "percent_statements_covered_display": "93"}, "missing_lines": [81], "excluded_lines": [], "start_line": 78}, "brand_wordmark_font": {"executed_lines": [98, 99, 100, 101, 102, 103], "summary": {"covered_lines": 6, "num_statements": 6, "percent_covered": 100.0, "percent_covered_display": "100", "missing_lines": 0, "excluded_lines": 0, "percent_statements_covered": 100.0, "percent_statements_covered_display": "100"}, "missing_lines": [], "excluded_lines": [], "start_line": 97}, "_default_ui_font": {"executed_lines": [107, 108, 109, 110, 111], "summary": {"covered_lines": 5, "num_statements": 5, "percent_covered": 100.0, "percent_covered_display": "100", "missing_lines": 0, "excluded_lines": 0, "percent_statements_covered": 100.0, "percent_statements_covered_display": "100"}, "missing_lines": [], "excluded_lines": [], "start_line": 106}, "_ensure_brand_font_loaded": {"executed_lines": [116, 117, 119, 120, 121, 122, 123, 124, 125, 126], "summary": {"covered_lines": 10, "num_statements": 15, "percent_covered": 66.66666666666667, "percent_covered_display": "67", "missing_lines": 5, "excluded_lines": 0, "percent_statements_covered": 66.66666666666667, "percent_statements_covered_display": "67"}, "missing_lines": [128, 129, 130, 131, 132], "excluded_lines": [], "start_line": 114}, "_build_palette": {"executed_lines": [136, 137, 138, 139, 140, 141, 142, 144, 145, 146, 147, 148, 149, 150, 151, 152, 153, 155], "summary": {"covered_lines": 18, "num_statements": 18, "percent_covered": 100.0, "percent_covered_display": "100", "missing_lines": 0, "excluded_lines": 0, "percent_statements_covered": 100.0, "percent_statements_covered_display": "100"}, "missing_lines": [], "excluded_lines": [], "start_line": 135}, "_build_stylesheet": {"executed_lines": [159], "summary": {"covered_lines": 1, "num_statements": 1, "percent_covered": 100.0, "percent_covered_display": "100", "missing_lines": 0, "excluded_lines": 0, "percent_statements_covered": 100.0, "percent_statements_covered_display": "100"}, "missing_lines": [], "excluded_lines": [], "start_line": 158}, "": {"executed_lines": [3, 5, 6, 8, 9, 10, 12, 15, 16, 17, 18, 19, 20, 21, 22, 23, 24, 25, 26, 27, 28, 30, 33, 34, 43, 52, 55, 78, 97, 106, 114, 135, 158], "summary": {"covered_lines": 33, "num_statements": 33, "percent_covered": 100.0, "percent_covered_display": "100", "missing_lines": 0, "excluded_lines": 0, "percent_statements_covered": 100.0, "percent_statements_covered_display": "100"}, "missing_lines": [], "excluded_lines": [], "start_line": 1}}, "classes": {"BrandWordmarkWidget": {"executed_lines": [35, 36, 37, 38, 39, 40, 41], "summary": {"covered_lines": 7, "num_statements": 32, "percent_covered": 21.875, "percent_covered_display": "22", "missing_lines": 25, "excluded_lines": 0, "percent_statements_covered": 21.875, "percent_statements_covered_display": "22"}, "missing_lines": [44, 45, 46, 47, 48, 49, 50, 53, 56, 57, 58, 59, 60, 61, 62, 64, 65, 66, 68, 69, 70, 72, 73, 74, 75], "excluded_lines": [], "start_line": 33}, "": {"executed_lines": [3, 5, 6, 8, 9, 10, 12, 15, 16, 17, 18, 19, 20, 21, 22, 23, 24, 25, 26, 27, 28, 30, 33, 34, 43, 52, 55, 78, 79, 80, 83, 84, 85, 86, 87, 88, 90, 91, 92, 93, 94, 97, 98, 99, 100, 101, 102, 103, 106, 107, 108, 109, 110, 111, 114, 116, 117, 119, 120, 121, 122, 123, 124, 125, 126, 135, 136, 137, 138, 139, 140, 141, 142, 144, 145, 146, 147, 148, 149, 150, 151, 152, 153, 155, 158, 159], "summary": {"covered_lines": 86, "num_statements": 92, "percent_covered": 93.47826086956522, "percent_covered_display": "93", "missing_lines": 6, "excluded_lines": 0, "percent_statements_covered": 93.47826086956522, "percent_statements_covered_display": "93"}, "missing_lines": [81, 128, 129, 130, 131, 132], "excluded_lines": [], "start_line": 1}}}, "src/app/ui_build.py": {"executed_lines": [3, 5, 7, 8, 9, 26, 27, 28, 31, 32, 35, 36, 38, 39, 40, 41, 42, 43, 44, 45, 46, 47, 48, 49, 50, 51, 52, 54, 55, 56, 57, 58, 59, 60, 61, 64, 65, 66, 67, 68, 70, 71, 72, 74, 75, 76, 77, 78, 79, 80, 82, 83, 84, 85, 87, 88, 89, 91, 92, 93, 96, 97, 98, 99, 100, 102, 103, 105, 106, 107, 108, 109, 110, 111, 112, 113, 114, 115, 116, 117, 118, 119, 120, 121, 122, 123, 124, 125, 127, 128, 129, 130, 132, 133, 134, 135, 136, 137, 139, 140, 141, 143, 144, 145, 146, 147, 148, 150, 151, 152, 153, 156, 157, 158, 160, 161, 163, 164, 165, 166, 167, 168, 171, 172, 173, 174, 175, 176, 177, 178, 179, 180, 181, 182, 183, 184, 185, 186, 188, 189, 190, 191, 192, 193, 194, 196, 197, 198, 201, 202, 203, 206, 207, 218, 219, 220, 222, 224, 225, 228, 231, 232, 233, 236, 237, 240, 241, 242, 245, 246, 247, 250, 251, 252, 256, 259, 260, 261, 262, 265, 266, 267, 268, 269, 272, 273, 274, 276, 277, 280, 281, 283, 284, 288, 289, 292, 293, 294, 295, 298, 299, 302, 303, 304], "summary": {"covered_lines": 204, "num_statements": 223, "percent_covered": 91.4798206278027, "percent_covered_display": "91", "missing_lines": 19, "excluded_lines": 0, "percent_statements_covered": 91.4798206278027, "percent_statements_covered_display": "91"}, "missing_lines": [204, 205, 221, 223, 227, 234, 235, 243, 244, 253, 254, 255, 270, 271, 278, 279, 285, 286, 287], "excluded_lines": [], "functions": {"_build_menu": {"executed_lines": [36, 38, 39, 40, 41, 42, 43, 44, 45, 46, 47, 48, 49, 50, 51, 52, 54, 55, 56, 57, 58, 59, 60, 61], "summary": {"covered_lines": 24, "num_statements": 24, "percent_covered": 100.0, "percent_covered_display": "100", "missing_lines": 0, "excluded_lines": 0, "percent_statements_covered": 100.0, "percent_statements_covered_display": "100"}, "missing_lines": [], "excluded_lines": [], "start_line": 35}, "_build_toolbar": {"executed_lines": [65, 66, 67, 68, 70, 71, 72, 74, 75, 76, 77, 78, 79, 80, 82, 83, 84, 85, 87, 88, 89, 91, 92, 93], "summary": {"covered_lines": 24, "num_statements": 24, "percent_covered": 100.0, "percent_covered_display": "100", "missing_lines": 0, "excluded_lines": 0, "percent_statements_covered": 100.0, "percent_statements_covered_display": "100"}, "missing_lines": [], "excluded_lines": [], "start_line": 64}, "_build_central": {"executed_lines": [97, 98, 99, 100, 102, 103, 105, 106, 107, 108, 109, 110, 111, 112, 113, 114, 115, 116, 117, 118, 119, 120, 121, 122, 123, 124, 125, 127, 128, 129, 130, 132, 133, 134, 135, 136, 137, 139, 140, 141, 143, 144, 145, 146, 147, 148, 150, 151, 152, 153], "summary": {"covered_lines": 50, "num_statements": 50, "percent_covered": 100.0, "percent_covered_display": "100", "missing_lines": 0, "excluded_lines": 0, "percent_statements_covered": 100.0, "percent_statements_covered_display": "100"}, "missing_lines": [], "excluded_lines": [], "start_line": 96}, "_build_statusbar": {"executed_lines": [157, 158, 160, 161, 163, 164, 165, 166, 167, 168], "summary": {"covered_lines": 10, "num_statements": 10, "percent_covered": 100.0, "percent_covered_display": "100", "missing_lines": 0, "excluded_lines": 0, "percent_statements_covered": 100.0, "percent_statements_covered_display": "100"}, "missing_lines": [], "excluded_lines": [], "start_line": 156}, "_refresh_table": {"executed_lines": [172, 173, 174, 175, 176, 177, 178, 179, 180, 181, 182, 183, 184, 185, 186, 188, 189, 190, 191, 192, 193, 194, 196, 197, 198], "summary": {"covered_lines": 25, "num_statements": 25, "percent_covered": 100.0, "percent_covered_display": "100", "missing_lines": 0, "excluded_lines": 0, "percent_statements_covered": 100.0, "percent_statements_covered_display": "100"}, "missing_lines": [], "excluded_lines": [], "start_line": 171}, "_set_row_status": {"executed_lines": [202, 203, 206, 207, 218, 219, 220, 222, 224, 225, 228], "summary": {"covered_lines": 11, "num_statements": 16, "percent_covered": 68.75, "percent_covered_display": "69", "missing_lines": 5, "excluded_lines": 0, "percent_statements_covered": 68.75, "percent_statements_covered_display": "69"}, "missing_lines": [204, 205, 221, 223, 227], "excluded_lines": [], "start_line": 201}, "_set_row_progress": {"executed_lines": [232, 233, 236, 237], "summary": {"covered_lines": 4, "num_statements": 6, "percent_covered": 66.66666666666667, "percent_covered_display": "67", "missing_lines": 2, "excluded_lines": 0, "percent_statements_covered": 66.66666666666667, "percent_statements_covered_display": "67"}, "missing_lines": [234, 235], "excluded_lines": [], "start_line": 231}, "_set_row_job_progress": {"executed_lines": [241, 242, 245, 246, 247], "summary": {"covered_lines": 5, "num_statements": 7, "percent_covered": 71.42857142857143, "percent_covered_display": "71", "missing_lines": 2, "excluded_lines": 0, "percent_statements_covered": 71.42857142857143, "percent_statements_covered_display": "71"}, "missing_lines": [243, 244], "excluded_lines": [], "start_line": 240}, "_set_row_duration": {"executed_lines": [251, 252, 256], "summary": {"covered_lines": 3, "num_statements": 6, "percent_covered": 50.0, "percent_covered_display": "50", "missing_lines": 3, "excluded_lines": 0, "percent_statements_covered": 50.0, "percent_statements_covered_display": "50"}, "missing_lines": [253, 254, 255], "excluded_lines": [], "start_line": 250}, "_format_elapsed_cell": {"executed_lines": [260, 261, 262], "summary": {"covered_lines": 3, "num_statements": 3, "percent_covered": 100.0, "percent_covered_display": "100", "missing_lines": 0, "excluded_lines": 0, "percent_statements_covered": 100.0, "percent_statements_covered_display": "100"}, "missing_lines": [], "excluded_lines": [], "start_line": 259}, "_reset_status_column": {"executed_lines": [266, 267, 268, 269, 272, 273, 274, 276, 277, 280, 281, 283, 284, 288, 289], "summary": {"covered_lines": 15, "num_statements": 22, "percent_covered": 68.18181818181819, "percent_covered_display": "68", "missing_lines": 7, "excluded_lines": 0, "percent_statements_covered": 68.18181818181819, "percent_statements_covered_display": "68"}, "missing_lines": [270, 271, 278, 279, 285, 286, 287], "excluded_lines": [], "start_line": 265}, "_update_count": {"executed_lines": [293, 294, 295], "summary": {"covered_lines": 3, "num_statements": 3, "percent_covered": 100.0, "percent_covered_display": "100", "missing_lines": 0, "excluded_lines": 0, "percent_statements_covered": 100.0, "percent_statements_covered_display": "100"}, "missing_lines": [], "excluded_lines": [], "start_line": 292}, "_handle_table_double_click": {"executed_lines": [299], "summary": {"covered_lines": 1, "num_statements": 1, "percent_covered": 100.0, "percent_covered_display": "100", "missing_lines": 0, "excluded_lines": 0, "percent_statements_covered": 100.0, "percent_statements_covered_display": "100"}, "missing_lines": [], "excluded_lines": [], "start_line": 298}, "_append_log": {"executed_lines": [304], "summary": {"covered_lines": 1, "num_statements": 1, "percent_covered": 100.0, "percent_covered_display": "100", "missing_lines": 0, "excluded_lines": 0, "percent_statements_covered": 100.0, "percent_statements_covered_display": "100"}, "missing_lines": [], "excluded_lines": [], "start_line": 303}, "": {"executed_lines": [3, 5, 7, 8, 9, 26, 27, 28, 31, 32, 35, 64, 96, 156, 171, 201, 231, 240, 250, 259, 265, 292, 298, 302, 303], "summary": {"covered_lines": 25, "num_statements": 25, "percent_covered": 100.0, "percent_covered_display": "100", "missing_lines": 0, "excluded_lines": 0, "percent_statements_covered": 100.0, "percent_statements_covered_display": "100"}, "missing_lines": [], "excluded_lines": [], "start_line": 1}}, "classes": {"": {"executed_lines": [3, 5, 7, 8, 9, 26, 27, 28, 31, 32, 35, 36, 38, 39, 40, 41, 42, 43, 44, 45, 46, 47, 48, 49, 50, 51, 52, 54, 55, 56, 57, 58, 59, 60, 61, 64, 65, 66, 67, 68, 70, 71, 72, 74, 75, 76, 77, 78, 79, 80, 82, 83, 84, 85, 87, 88, 89, 91, 92, 93, 96, 97, 98, 99, 100, 102, 103, 105, 106, 107, 108, 109, 110, 111, 112, 113, 114, 115, 116, 117, 118, 119, 120, 121, 122, 123, 124, 125, 127, 128, 129, 130, 132, 133, 134, 135, 136, 137, 139, 140, 141, 143, 144, 145, 146, 147, 148, 150, 151, 152, 153, 156, 157, 158, 160, 161, 163, 164, 165, 166, 167, 168, 171, 172, 173, 174, 175, 176, 177, 178, 179, 180, 181, 182, 183, 184, 185, 186, 188, 189, 190, 191, 192, 193, 194, 196, 197, 198, 201, 202, 203, 206, 207, 218, 219, 220, 222, 224, 225, 228, 231, 232, 233, 236, 237, 240, 241, 242, 245, 246, 247, 250, 251, 252, 256, 259, 260, 261, 262, 265, 266, 267, 268, 269, 272, 273, 274, 276, 277, 280, 281, 283, 284, 288, 289, 292, 293, 294, 295, 298, 299, 302, 303, 304], "summary": {"covered_lines": 204, "num_statements": 223, "percent_covered": 91.4798206278027, "percent_covered_display": "91", "missing_lines": 19, "excluded_lines": 0, "percent_statements_covered": 91.4798206278027, "percent_statements_covered_display": "91"}, "missing_lines": [204, 205, 221, 223, 227, 234, 235, 243, 244, 253, 254, 255, 270, 271, 278, 279, 285, 286, 287], "excluded_lines": [], "start_line": 1}}}, "src/app/window.py": {"executed_lines": [3, 5, 6, 7, 9, 10, 11, 13, 14, 15, 30, 38, 53, 54, 91, 160, 161, 162, 164, 165, 166, 168, 169, 170, 172, 174, 175, 176, 177, 178, 179, 180, 181, 182, 184, 185, 186, 187, 188, 189, 190, 191, 193, 194, 196, 198, 199, 201, 204, 206, 215, 216, 217, 218, 222, 226, 228, 229, 230, 232, 233, 235, 236, 253, 254, 257, 258, 259, 260, 261, 262, 263, 264, 265, 266, 267, 268, 269, 270, 271, 272, 273, 274, 275, 276, 277, 278, 279, 280, 281, 282, 283, 284, 285, 286, 287, 288, 289, 290, 291, 292, 293, 294, 295, 296, 297, 298, 299, 300, 301, 302, 303, 304, 305, 306, 307, 308, 309, 310, 311], "summary": {"covered_lines": 120, "num_statements": 146, "percent_covered": 82.1917808219178, "percent_covered_display": "82", "missing_lines": 26, "excluded_lines": 75, "percent_statements_covered": 82.1917808219178, "percent_statements_covered_display": "82"}, "missing_lines": [195, 197, 202, 207, 208, 209, 210, 211, 213, 219, 220, 221, 223, 224, 225, 237, 243, 244, 245, 246, 247, 248, 249, 250, 251, 252], "excluded_lines": [80, 81, 83, 84, 85, 87, 88, 92, 93, 94, 95, 96, 97, 98, 99, 100, 101, 102, 103, 104, 105, 106, 107, 108, 109, 110, 111, 112, 113, 114, 115, 116, 117, 118, 119, 120, 121, 122, 123, 124, 125, 126, 127, 128, 129, 130, 131, 132, 133, 134, 135, 136, 137, 138, 139, 140, 141, 142, 143, 144, 145, 146, 147, 148, 149, 150, 151, 152, 153, 154, 155, 156, 157, 158, 159], "functions": {"ConverterApp._apply_add_files": {"executed_lines": [], "summary": {"covered_lines": 0, "num_statements": 0, "percent_covered": 100.0, "percent_covered_display": "100", "missing_lines": 0, "excluded_lines": 1, "percent_statements_covered": 100.0, "percent_statements_covered_display": "100"}, "missing_lines": [], "excluded_lines": [104], "start_line": 104}, "ConverterApp._apply_workflow": {"executed_lines": [], "summary": {"covered_lines": 0, "num_statements": 0, "percent_covered": 100.0, "percent_covered_display": "100", "missing_lines": 0, "excluded_lines": 1, "percent_statements_covered": 100.0, "percent_statements_covered_display": "100"}, "missing_lines": [], "excluded_lines": [105], "start_line": 105}, "ConverterApp._build_menu": {"executed_lines": [], "summary": {"covered_lines": 0, "num_statements": 0, "percent_covered": 100.0, "percent_covered_display": "100", "missing_lines": 0, "excluded_lines": 1, "percent_statements_covered": 100.0, "percent_statements_covered_display": "100"}, "missing_lines": [], "excluded_lines": [106], "start_line": 106}, "ConverterApp._build_toolbar": {"executed_lines": [], "summary": {"covered_lines": 0, "num_statements": 0, "percent_covered": 100.0, "percent_covered_display": "100", "missing_lines": 0, "excluded_lines": 1, "percent_statements_covered": 100.0, "percent_statements_covered_display": "100"}, "missing_lines": [], "excluded_lines": [107], "start_line": 107}, "ConverterApp._build_central": {"executed_lines": [], "summary": {"covered_lines": 0, "num_statements": 0, "percent_covered": 100.0, "percent_covered_display": "100", "missing_lines": 0, "excluded_lines": 1, "percent_statements_covered": 100.0, "percent_statements_covered_display": "100"}, "missing_lines": [], "excluded_lines": [108], "start_line": 108}, "ConverterApp._build_statusbar": {"executed_lines": [], "summary": {"covered_lines": 0, "num_statements": 0, "percent_covered": 100.0, "percent_covered_display": "100", "missing_lines": 0, "excluded_lines": 1, "percent_statements_covered": 100.0, "percent_statements_covered_display": "100"}, "missing_lines": [], "excluded_lines": [109], "start_line": 109}, "ConverterApp._refresh_table": {"executed_lines": [], "summary": {"covered_lines": 0, "num_statements": 0, "percent_covered": 100.0, "percent_covered_display": "100", "missing_lines": 0, "excluded_lines": 1, "percent_statements_covered": 100.0, "percent_statements_covered_display": "100"}, "missing_lines": [], "excluded_lines": [110], "start_line": 110}, "ConverterApp._set_row_status": {"executed_lines": [], "summary": {"covered_lines": 0, "num_statements": 0, "percent_covered": 100.0, "percent_covered_display": "100", "missing_lines": 0, "excluded_lines": 1, "percent_statements_covered": 100.0, "percent_statements_covered_display": "100"}, "missing_lines": [], "excluded_lines": [111], "start_line": 111}, "ConverterApp._set_row_progress": {"executed_lines": [], "summary": {"covered_lines": 0, "num_statements": 0, "percent_covered": 100.0, "percent_covered_display": "100", "missing_lines": 0, "excluded_lines": 1, "percent_statements_covered": 100.0, "percent_statements_covered_display": "100"}, "missing_lines": [], "excluded_lines": [112], "start_line": 112}, "ConverterApp._set_row_job_progress": {"executed_lines": [], "summary": {"covered_lines": 0, "num_statements": 0, "percent_covered": 100.0, "percent_covered_display": "100", "missing_lines": 0, "excluded_lines": 1, "percent_statements_covered": 100.0, "percent_statements_covered_display": "100"}, "missing_lines": [], "excluded_lines": [113], "start_line": 113}, "ConverterApp._set_row_duration": {"executed_lines": [], "summary": {"covered_lines": 0, "num_statements": 0, "percent_covered": 100.0, "percent_covered_display": "100", "missing_lines": 0, "excluded_lines": 1, "percent_statements_covered": 100.0, "percent_statements_covered_display": "100"}, "missing_lines": [], "excluded_lines": [114], "start_line": 114}, "ConverterApp._reset_status_column": {"executed_lines": [], "summary": {"covered_lines": 0, "num_statements": 0, "percent_covered": 100.0, "percent_covered_display": "100", "missing_lines": 0, "excluded_lines": 1, "percent_statements_covered": 100.0, "percent_statements_covered_display": "100"}, "missing_lines": [], "excluded_lines": [115], "start_line": 115}, "ConverterApp._append_log": {"executed_lines": [], "summary": {"covered_lines": 0, "num_statements": 0, "percent_covered": 100.0, "percent_covered_display": "100", "missing_lines": 0, "excluded_lines": 1, "percent_statements_covered": 100.0, "percent_statements_covered_display": "100"}, "missing_lines": [], "excluded_lines": [116], "start_line": 116}, "ConverterApp._new_workflow": {"executed_lines": [], "summary": {"covered_lines": 0, "num_statements": 0, "percent_covered": 100.0, "percent_covered_display": "100", "missing_lines": 0, "excluded_lines": 1, "percent_statements_covered": 100.0, "percent_statements_covered_display": "100"}, "missing_lines": [], "excluded_lines": [117], "start_line": 117}, "ConverterApp._add_job": {"executed_lines": [], "summary": {"covered_lines": 0, "num_statements": 0, "percent_covered": 100.0, "percent_covered_display": "100", "missing_lines": 0, "excluded_lines": 1, "percent_statements_covered": 100.0, "percent_statements_covered_display": "100"}, "missing_lines": [], "excluded_lines": [118], "start_line": 118}, "ConverterApp._add_all_cameras": {"executed_lines": [], "summary": {"covered_lines": 0, "num_statements": 0, "percent_covered": 100.0, "percent_covered_display": "100", "missing_lines": 0, "excluded_lines": 1, "percent_statements_covered": 100.0, "percent_statements_covered_display": "100"}, "missing_lines": [], "excluded_lines": [119], "start_line": 119}, "ConverterApp._remove_selected": {"executed_lines": [], "summary": {"covered_lines": 0, "num_statements": 0, "percent_covered": 100.0, "percent_covered_display": "100", "missing_lines": 0, "excluded_lines": 1, "percent_statements_covered": 100.0, "percent_statements_covered_display": "100"}, "missing_lines": [], "excluded_lines": [120], "start_line": 120}, "ConverterApp._clear_workflow": {"executed_lines": [], "summary": {"covered_lines": 0, "num_statements": 0, "percent_covered": 100.0, "percent_covered_display": "100", "missing_lines": 0, "excluded_lines": 1, "percent_statements_covered": 100.0, "percent_statements_covered_display": "100"}, "missing_lines": [], "excluded_lines": [121], "start_line": 121}, "ConverterApp._selected_job_row": {"executed_lines": [], "summary": {"covered_lines": 0, "num_statements": 0, "percent_covered": 100.0, "percent_covered_display": "100", "missing_lines": 0, "excluded_lines": 1, "percent_statements_covered": 100.0, "percent_statements_covered_display": "100"}, "missing_lines": [], "excluded_lines": [122], "start_line": 122}, "ConverterApp._selected_job_rows": {"executed_lines": [], "summary": {"covered_lines": 0, "num_statements": 0, "percent_covered": 100.0, "percent_covered_display": "100", "missing_lines": 0, "excluded_lines": 1, "percent_statements_covered": 100.0, "percent_statements_covered_display": "100"}, "missing_lines": [], "excluded_lines": [123], "start_line": 123}, "ConverterApp._handle_table_double_click": {"executed_lines": [], "summary": {"covered_lines": 0, "num_statements": 0, "percent_covered": 100.0, "percent_covered_display": "100", "missing_lines": 0, "excluded_lines": 1, "percent_statements_covered": 100.0, "percent_statements_covered_display": "100"}, "missing_lines": [], "excluded_lines": [124], "start_line": 124}, "ConverterApp._open_job_workflow": {"executed_lines": [], "summary": {"covered_lines": 0, "num_statements": 0, "percent_covered": 100.0, "percent_covered_display": "100", "missing_lines": 0, "excluded_lines": 1, "percent_statements_covered": 100.0, "percent_statements_covered_display": "100"}, "missing_lines": [], "excluded_lines": [125], "start_line": 125}, "ConverterApp._edit_job": {"executed_lines": [], "summary": {"covered_lines": 0, "num_statements": 0, "percent_covered": 100.0, "percent_covered_display": "100", "missing_lines": 0, "excluded_lines": 1, "percent_statements_covered": 100.0, "percent_statements_covered_display": "100"}, "missing_lines": [], "excluded_lines": [126], "start_line": 126}, "ConverterApp._duplicate_job": {"executed_lines": [], "summary": {"covered_lines": 0, "num_statements": 0, "percent_covered": 100.0, "percent_covered_display": "100", "missing_lines": 0, "excluded_lines": 1, "percent_statements_covered": 100.0, "percent_statements_covered_display": "100"}, "missing_lines": [], "excluded_lines": [127], "start_line": 127}, "ConverterApp._update_count": {"executed_lines": [], "summary": {"covered_lines": 0, "num_statements": 0, "percent_covered": 100.0, "percent_covered_display": "100", "missing_lines": 0, "excluded_lines": 1, "percent_statements_covered": 100.0, "percent_statements_covered_display": "100"}, "missing_lines": [], "excluded_lines": [128], "start_line": 128}, "ConverterApp._existing_job_names": {"executed_lines": [], "summary": {"covered_lines": 0, "num_statements": 0, "percent_covered": 100.0, "percent_covered_display": "100", "missing_lines": 0, "excluded_lines": 1, "percent_statements_covered": 100.0, "percent_statements_covered_display": "100"}, "missing_lines": [], "excluded_lines": [129], "start_line": 129}, "ConverterApp._resolve_job_name": {"executed_lines": [], "summary": {"covered_lines": 0, "num_statements": 0, "percent_covered": 100.0, "percent_covered_display": "100", "missing_lines": 0, "excluded_lines": 1, "percent_statements_covered": 100.0, "percent_statements_covered_display": "100"}, "missing_lines": [], "excluded_lines": [130], "start_line": 130}, "ConverterApp._open_camera_settings": {"executed_lines": [], "summary": {"covered_lines": 0, "num_statements": 0, "percent_covered": 100.0, "percent_covered_display": "100", "missing_lines": 0, "excluded_lines": 1, "percent_statements_covered": 100.0, "percent_statements_covered_display": "100"}, "missing_lines": [], "excluded_lines": [131], "start_line": 131}, "ConverterApp._open_video_settings": {"executed_lines": [], "summary": {"covered_lines": 0, "num_statements": 0, "percent_covered": 100.0, "percent_covered_display": "100", "missing_lines": 0, "excluded_lines": 1, "percent_statements_covered": 100.0, "percent_statements_covered_display": "100"}, "missing_lines": [], "excluded_lines": [132], "start_line": 132}, "ConverterApp._open_audio_settings": {"executed_lines": [], "summary": {"covered_lines": 0, "num_statements": 0, "percent_covered": 100.0, "percent_covered_display": "100", "missing_lines": 0, "excluded_lines": 1, "percent_statements_covered": 100.0, "percent_statements_covered_display": "100"}, "missing_lines": [], "excluded_lines": [133], "start_line": 133}, "ConverterApp._open_youtube_settings": {"executed_lines": [], "summary": {"covered_lines": 0, "num_statements": 0, "percent_covered": 100.0, "percent_covered_display": "100", "missing_lines": 0, "excluded_lines": 1, "percent_statements_covered": 100.0, "percent_statements_covered_display": "100"}, "missing_lines": [], "excluded_lines": [134], "start_line": 134}, "ConverterApp._open_kaderblick_settings": {"executed_lines": [], "summary": {"covered_lines": 0, "num_statements": 0, "percent_covered": 100.0, "percent_covered_display": "100", "missing_lines": 0, "excluded_lines": 1, "percent_statements_covered": 100.0, "percent_statements_covered_display": "100"}, "missing_lines": [], "excluded_lines": [135], "start_line": 135}, "ConverterApp._open_general_settings": {"executed_lines": [], "summary": {"covered_lines": 0, "num_statements": 0, "percent_covered": 100.0, "percent_covered_display": "100", "missing_lines": 0, "excluded_lines": 1, "percent_statements_covered": 100.0, "percent_statements_covered_display": "100"}, "missing_lines": [], "excluded_lines": [136], "start_line": 136}, "ConverterApp._load_workflow": {"executed_lines": [], "summary": {"covered_lines": 0, "num_statements": 0, "percent_covered": 100.0, "percent_covered_display": "100", "missing_lines": 0, "excluded_lines": 1, "percent_statements_covered": 100.0, "percent_statements_covered_display": "100"}, "missing_lines": [], "excluded_lines": [137], "start_line": 137}, "ConverterApp._save_workflow": {"executed_lines": [], "summary": {"covered_lines": 0, "num_statements": 0, "percent_covered": 100.0, "percent_covered_display": "100", "missing_lines": 0, "excluded_lines": 1, "percent_statements_covered": 100.0, "percent_statements_covered_display": "100"}, "missing_lines": [], "excluded_lines": [138], "start_line": 138}, "ConverterApp._save_last_workflow": {"executed_lines": [], "summary": {"covered_lines": 0, "num_statements": 0, "percent_covered": 100.0, "percent_covered_display": "100", "missing_lines": 0, "excluded_lines": 1, "percent_statements_covered": 100.0, "percent_statements_covered_display": "100"}, "missing_lines": [], "excluded_lines": [139], "start_line": 139}, "ConverterApp._persist_workflow_state": {"executed_lines": [], "summary": {"covered_lines": 0, "num_statements": 0, "percent_covered": 100.0, "percent_covered_display": "100", "missing_lines": 0, "excluded_lines": 1, "percent_statements_covered": 100.0, "percent_statements_covered_display": "100"}, "missing_lines": [], "excluded_lines": [140], "start_line": 140}, "ConverterApp._restore_last_workflow": {"executed_lines": [], "summary": {"covered_lines": 0, "num_statements": 0, "percent_covered": 100.0, "percent_covered_display": "100", "missing_lines": 0, "excluded_lines": 1, "percent_statements_covered": 100.0, "percent_statements_covered_display": "100"}, "missing_lines": [], "excluded_lines": [141], "start_line": 141}, "ConverterApp._sync_shutdown_checkbox": {"executed_lines": [], "summary": {"covered_lines": 0, "num_statements": 0, "percent_covered": 100.0, "percent_covered_display": "100", "missing_lines": 0, "excluded_lines": 1, "percent_statements_covered": 100.0, "percent_statements_covered_display": "100"}, "missing_lines": [], "excluded_lines": [142], "start_line": 142}, "ConverterApp._on_shutdown_toggled": {"executed_lines": [], "summary": {"covered_lines": 0, "num_statements": 0, "percent_covered": 100.0, "percent_covered_display": "100", "missing_lines": 0, "excluded_lines": 1, "percent_statements_covered": 100.0, "percent_statements_covered_display": "100"}, "missing_lines": [], "excluded_lines": [143], "start_line": 143}, "ConverterApp._has_resumeable_jobs": {"executed_lines": [], "summary": {"covered_lines": 0, "num_statements": 0, "percent_covered": 100.0, "percent_covered_display": "100", "missing_lines": 0, "excluded_lines": 1, "percent_statements_covered": 100.0, "percent_statements_covered_display": "100"}, "missing_lines": [], "excluded_lines": [144], "start_line": 144}, "ConverterApp._ask_resume_behavior": {"executed_lines": [], "summary": {"covered_lines": 0, "num_statements": 0, "percent_covered": 100.0, "percent_covered_display": "100", "missing_lines": 0, "excluded_lines": 1, "percent_statements_covered": 100.0, "percent_statements_covered_display": "100"}, "missing_lines": [], "excluded_lines": [145], "start_line": 145}, "ConverterApp._start_selected_workflows": {"executed_lines": [], "summary": {"covered_lines": 0, "num_statements": 0, "percent_covered": 100.0, "percent_covered_display": "100", "missing_lines": 0, "excluded_lines": 1, "percent_statements_covered": 100.0, "percent_statements_covered_display": "100"}, "missing_lines": [], "excluded_lines": [146], "start_line": 146}, "ConverterApp._start_workflow": {"executed_lines": [], "summary": {"covered_lines": 0, "num_statements": 0, "percent_covered": 100.0, "percent_covered_display": "100", "missing_lines": 0, "excluded_lines": 1, "percent_statements_covered": 100.0, "percent_statements_covered_display": "100"}, "missing_lines": [], "excluded_lines": [147], "start_line": 147}, "ConverterApp._cancel_workflow": {"executed_lines": [], "summary": {"covered_lines": 0, "num_statements": 0, "percent_covered": 100.0, "percent_covered_display": "100", "missing_lines": 0, "excluded_lines": 1, "percent_statements_covered": 100.0, "percent_statements_covered_display": "100"}, "missing_lines": [], "excluded_lines": [148], "start_line": 148}, "ConverterApp._on_job_status": {"executed_lines": [], "summary": {"covered_lines": 0, "num_statements": 0, "percent_covered": 100.0, "percent_covered_display": "100", "missing_lines": 0, "excluded_lines": 1, "percent_statements_covered": 100.0, "percent_statements_covered_display": "100"}, "missing_lines": [], "excluded_lines": [149], "start_line": 149}, "ConverterApp._on_job_progress": {"executed_lines": [], "summary": {"covered_lines": 0, "num_statements": 0, "percent_covered": 100.0, "percent_covered_display": "100", "missing_lines": 0, "excluded_lines": 1, "percent_statements_covered": 100.0, "percent_statements_covered_display": "100"}, "missing_lines": [], "excluded_lines": [150], "start_line": 150}, "ConverterApp._on_source_status": {"executed_lines": [], "summary": {"covered_lines": 0, "num_statements": 0, "percent_covered": 100.0, "percent_covered_display": "100", "missing_lines": 0, "excluded_lines": 1, "percent_statements_covered": 100.0, "percent_statements_covered_display": "100"}, "missing_lines": [], "excluded_lines": [151], "start_line": 151}, "ConverterApp._on_source_progress": {"executed_lines": [], "summary": {"covered_lines": 0, "num_statements": 0, "percent_covered": 100.0, "percent_covered_display": "100", "missing_lines": 0, "excluded_lines": 1, "percent_statements_covered": 100.0, "percent_statements_covered_display": "100"}, "missing_lines": [], "excluded_lines": [152], "start_line": 152}, "ConverterApp._on_dl_progress": {"executed_lines": [], "summary": {"covered_lines": 0, "num_statements": 0, "percent_covered": 100.0, "percent_covered_display": "100", "missing_lines": 0, "excluded_lines": 1, "percent_statements_covered": 100.0, "percent_statements_covered_display": "100"}, "missing_lines": [], "excluded_lines": [153], "start_line": 153}, "ConverterApp._on_phase_changed": {"executed_lines": [], "summary": {"covered_lines": 0, "num_statements": 0, "percent_covered": 100.0, "percent_covered_display": "100", "missing_lines": 0, "excluded_lines": 1, "percent_statements_covered": 100.0, "percent_statements_covered_display": "100"}, "missing_lines": [], "excluded_lines": [154], "start_line": 154}, "ConverterApp._on_overall_progress": {"executed_lines": [], "summary": {"covered_lines": 0, "num_statements": 0, "percent_covered": 100.0, "percent_covered_display": "100", "missing_lines": 0, "excluded_lines": 1, "percent_statements_covered": 100.0, "percent_statements_covered_display": "100"}, "missing_lines": [], "excluded_lines": [155], "start_line": 155}, "ConverterApp._on_workflow_done": {"executed_lines": [], "summary": {"covered_lines": 0, "num_statements": 0, "percent_covered": 100.0, "percent_covered_display": "100", "missing_lines": 0, "excluded_lines": 1, "percent_statements_covered": 100.0, "percent_statements_covered_display": "100"}, "missing_lines": [], "excluded_lines": [156], "start_line": 156}, "ConverterApp._refresh_runtime_durations": {"executed_lines": [], "summary": {"covered_lines": 0, "num_statements": 0, "percent_covered": 100.0, "percent_covered_display": "100", "missing_lines": 0, "excluded_lines": 1, "percent_statements_covered": 100.0, "percent_statements_covered_display": "100"}, "missing_lines": [], "excluded_lines": [157], "start_line": 157}, "ConverterApp._snapshot_runtime_durations": {"executed_lines": [], "summary": {"covered_lines": 0, "num_statements": 0, "percent_covered": 100.0, "percent_covered_display": "100", "missing_lines": 0, "excluded_lines": 1, "percent_statements_covered": 100.0, "percent_statements_covered_display": "100"}, "missing_lines": [], "excluded_lines": [158], "start_line": 158}, "ConverterApp.__init__": {"executed_lines": [161, 162, 164, 165, 166, 168, 169, 170, 172, 174, 175, 176, 177, 178, 179, 180, 181, 182, 184, 185, 186, 187, 188, 189, 190, 191, 193, 194, 196, 198, 199, 201, 204], "summary": {"covered_lines": 33, "num_statements": 36, "percent_covered": 91.66666666666667, "percent_covered_display": "92", "missing_lines": 3, "excluded_lines": 0, "percent_statements_covered": 91.66666666666667, "percent_statements_covered_display": "92"}, "missing_lines": [195, 197, 202], "excluded_lines": [], "start_line": 160}, "ConverterApp.showEvent": {"executed_lines": [], "summary": {"covered_lines": 0, "num_statements": 6, "percent_covered": 0.0, "percent_covered_display": "0", "missing_lines": 6, "excluded_lines": 0, "percent_statements_covered": 0.0, "percent_statements_covered_display": "0"}, "missing_lines": [207, 208, 209, 210, 211, 213], "excluded_lines": [], "start_line": 206}, "ConverterApp._format_duration": {"executed_lines": [217, 218, 222, 226], "summary": {"covered_lines": 4, "num_statements": 10, "percent_covered": 40.0, "percent_covered_display": "40", "missing_lines": 6, "excluded_lines": 0, "percent_statements_covered": 40.0, "percent_statements_covered_display": "40"}, "missing_lines": [219, 220, 221, 223, 224, 225], "excluded_lines": [], "start_line": 216}, "ConverterApp._set_busy": {"executed_lines": [229, 230], "summary": {"covered_lines": 2, "num_statements": 2, "percent_covered": 100.0, "percent_covered_display": "100", "missing_lines": 0, "excluded_lines": 0, "percent_statements_covered": 100.0, "percent_statements_covered_display": "100"}, "missing_lines": [], "excluded_lines": [], "start_line": 228}, "ConverterApp.closeEvent": {"executed_lines": [233, 235, 236, 253, 254], "summary": {"covered_lines": 5, "num_statements": 16, "percent_covered": 31.25, "percent_covered_display": "31", "missing_lines": 11, "excluded_lines": 0, "percent_statements_covered": 31.25, "percent_statements_covered_display": "31"}, "missing_lines": [237, 243, 244, 245, 246, 247, 248, 249, 250, 251, 252], "excluded_lines": [], "start_line": 232}, "": {"executed_lines": [3, 5, 6, 7, 9, 10, 11, 13, 14, 15, 30, 38, 53, 54, 91, 160, 206, 215, 216, 228, 232, 257, 258, 259, 260, 261, 262, 263, 264, 265, 266, 267, 268, 269, 270, 271, 272, 273, 274, 275, 276, 277, 278, 279, 280, 281, 282, 283, 284, 285, 286, 287, 288, 289, 290, 291, 292, 293, 294, 295, 296, 297, 298, 299, 300, 301, 302, 303, 304, 305, 306, 307, 308, 309, 310, 311], "summary": {"covered_lines": 76, "num_statements": 76, "percent_covered": 100.0, "percent_covered_display": "100", "missing_lines": 0, "excluded_lines": 20, "percent_statements_covered": 100.0, "percent_statements_covered_display": "100"}, "missing_lines": [], "excluded_lines": [80, 81, 83, 84, 85, 87, 88, 92, 93, 94, 95, 96, 97, 98, 99, 100, 101, 102, 103, 159], "start_line": 1}}, "classes": {"ConverterApp": {"executed_lines": [161, 162, 164, 165, 166, 168, 169, 170, 172, 174, 175, 176, 177, 178, 179, 180, 181, 182, 184, 185, 186, 187, 188, 189, 190, 191, 193, 194, 196, 198, 199, 201, 204, 217, 218, 222, 226, 229, 230, 233, 235, 236, 253, 254], "summary": {"covered_lines": 44, "num_statements": 70, "percent_covered": 62.857142857142854, "percent_covered_display": "63", "missing_lines": 26, "excluded_lines": 55, "percent_statements_covered": 62.857142857142854, "percent_statements_covered_display": "63"}, "missing_lines": [195, 197, 202, 207, 208, 209, 210, 211, 213, 219, 220, 221, 223, 224, 225, 237, 243, 244, 245, 246, 247, 248, 249, 250, 251, 252], "excluded_lines": [104, 105, 106, 107, 108, 109, 110, 111, 112, 113, 114, 115, 116, 117, 118, 119, 120, 121, 122, 123, 124, 125, 126, 127, 128, 129, 130, 131, 132, 133, 134, 135, 136, 137, 138, 139, 140, 141, 142, 143, 144, 145, 146, 147, 148, 149, 150, 151, 152, 153, 154, 155, 156, 157, 158], "start_line": 91}, "": {"executed_lines": [3, 5, 6, 7, 9, 10, 11, 13, 14, 15, 30, 38, 53, 54, 91, 160, 206, 215, 216, 228, 232, 257, 258, 259, 260, 261, 262, 263, 264, 265, 266, 267, 268, 269, 270, 271, 272, 273, 274, 275, 276, 277, 278, 279, 280, 281, 282, 283, 284, 285, 286, 287, 288, 289, 290, 291, 292, 293, 294, 295, 296, 297, 298, 299, 300, 301, 302, 303, 304, 305, 306, 307, 308, 309, 310, 311], "summary": {"covered_lines": 76, "num_statements": 76, "percent_covered": 100.0, "percent_covered_display": "100", "missing_lines": 0, "excluded_lines": 20, "percent_statements_covered": 100.0, "percent_statements_covered_display": "100"}, "missing_lines": [], "excluded_lines": [80, 81, 83, 84, 85, 87, 88, 92, 93, 94, 95, 96, 97, 98, 99, 100, 101, 102, 103, 159], "start_line": 1}}}, "src/app/workflow_actions.py": {"executed_lines": [3, 5, 6, 7, 9, 11, 12, 15, 34, 52, 53, 54, 56, 57, 58, 59, 60, 61, 63, 64, 65, 66, 67, 68, 69, 72, 76, 80, 84, 85, 87, 88, 89, 95, 99, 100, 105, 106, 111, 112, 113, 114, 115, 118, 119, 120, 121, 122, 125, 126, 127, 130, 131, 133, 134, 135, 136, 137, 138, 139, 140, 141, 142, 146, 166, 167, 169, 170, 172, 173, 174, 175, 176, 178, 179, 180, 181, 182, 183, 186, 187, 189, 190, 191, 193, 194, 195, 196, 199, 200, 201, 203, 204, 205, 206, 208, 209, 210, 211, 212, 213, 214, 215, 216, 217, 218, 220, 221, 222, 230, 246, 259, 260, 261, 262, 263, 264, 269, 270, 273, 274, 275, 276, 277, 278, 279, 280, 281, 282, 283, 284, 285, 287, 292, 293, 294, 295, 296, 299, 300, 301, 304, 308], "summary": {"covered_lines": 143, "num_statements": 247, "percent_covered": 57.89473684210526, "percent_covered_display": "58", "missing_lines": 104, "excluded_lines": 0, "percent_statements_covered": 57.89473684210526, "percent_statements_covered_display": "58"}, "missing_lines": [16, 17, 18, 19, 20, 21, 22, 23, 24, 26, 27, 28, 29, 30, 31, 35, 36, 37, 38, 39, 40, 41, 42, 43, 44, 45, 46, 47, 48, 49, 62, 73, 77, 81, 143, 147, 149, 150, 151, 152, 153, 154, 155, 156, 157, 158, 159, 160, 161, 162, 163, 171, 177, 192, 223, 224, 225, 226, 227, 231, 233, 234, 235, 236, 237, 238, 239, 240, 241, 242, 243, 247, 249, 250, 251, 252, 253, 254, 255, 256, 265, 266, 286, 288, 289, 305, 309, 311, 312, 313, 314, 318, 319, 320, 321, 322, 324, 325, 326, 327, 328, 329, 330, 331], "excluded_lines": [], "functions": {"_apply_add_files": {"executed_lines": [], "summary": {"covered_lines": 0, "num_statements": 15, "percent_covered": 0.0, "percent_covered_display": "0", "missing_lines": 15, "excluded_lines": 0, "percent_statements_covered": 0.0, "percent_statements_covered_display": "0"}, "missing_lines": [16, 17, 18, 19, 20, 21, 22, 23, 24, 26, 27, 28, 29, 30, 31], "excluded_lines": [], "start_line": 15}, "_apply_workflow": {"executed_lines": [], "summary": {"covered_lines": 0, "num_statements": 15, "percent_covered": 0.0, "percent_covered_display": "0", "missing_lines": 15, "excluded_lines": 0, "percent_statements_covered": 0.0, "percent_statements_covered_display": "0"}, "missing_lines": [35, 36, 37, 38, 39, 40, 41, 42, 43, 44, 45, 46, 47, 48, 49], "excluded_lines": [], "start_line": 34}, "_new_workflow": {"executed_lines": [53, 54, 56, 57, 58, 59, 60, 61, 63, 64, 65, 66, 67, 68, 69], "summary": {"covered_lines": 15, "num_statements": 16, "percent_covered": 93.75, "percent_covered_display": "94", "missing_lines": 1, "excluded_lines": 0, "percent_statements_covered": 93.75, "percent_statements_covered_display": "94"}, "missing_lines": [62], "excluded_lines": [], "start_line": 52}, "_add_job": {"executed_lines": [], "summary": {"covered_lines": 0, "num_statements": 1, "percent_covered": 0.0, "percent_covered_display": "0", "missing_lines": 1, "excluded_lines": 0, "percent_statements_covered": 0.0, "percent_statements_covered_display": "0"}, "missing_lines": [73], "excluded_lines": [], "start_line": 72}, "_add_all_cameras": {"executed_lines": [], "summary": {"covered_lines": 0, "num_statements": 1, "percent_covered": 0.0, "percent_covered_display": "0", "missing_lines": 1, "excluded_lines": 0, "percent_statements_covered": 0.0, "percent_statements_covered_display": "0"}, "missing_lines": [77], "excluded_lines": [], "start_line": 76}, "_remove_selected": {"executed_lines": [], "summary": {"covered_lines": 0, "num_statements": 1, "percent_covered": 0.0, "percent_covered_display": "0", "missing_lines": 1, "excluded_lines": 0, "percent_statements_covered": 0.0, "percent_statements_covered_display": "0"}, "missing_lines": [81], "excluded_lines": [], "start_line": 80}, "_clear_workflow": {"executed_lines": [85, 87, 88, 89, 95, 99, 100, 105, 106, 111, 112, 113, 114, 115], "summary": {"covered_lines": 14, "num_statements": 14, "percent_covered": 100.0, "percent_covered_display": "100", "missing_lines": 0, "excluded_lines": 0, "percent_statements_covered": 100.0, "percent_statements_covered_display": "100"}, "missing_lines": [], "excluded_lines": [], "start_line": 84}, "_selected_job_row": {"executed_lines": [119, 120, 121, 122], "summary": {"covered_lines": 4, "num_statements": 4, "percent_covered": 100.0, "percent_covered_display": "100", "missing_lines": 0, "excluded_lines": 0, "percent_statements_covered": 100.0, "percent_statements_covered_display": "100"}, "missing_li
[...]
73737373737374, "percent_statements_covered_display": "74"}, "missing_lines": [17, 18, 40, 50, 54, 55, 56, 57, 58, 59, 60, 73, 74, 83, 84, 99, 100, 108, 126, 143, 156, 157, 159, 169, 170, 171], "excluded_lines": [], "functions": {"_same_directory": {"executed_lines": [15, 16], "summary": {"covered_lines": 2, "num_statements": 4, "percent_covered": 50.0, "percent_covered_display": "50", "missing_lines": 2, "excluded_lines": 0, "percent_statements_covered": 50.0, "percent_statements_covered_display": "50"}, "missing_lines": [17, 18], "excluded_lines": [], "start_line": 14}, "transfer_files": {"executed_lines": [30, 31, 32, 33, 34, 36, 38, 39, 42, 43, 45, 46, 47, 48, 49, 51, 53, 62, 63, 64, 65, 67, 68, 69, 70, 71, 72, 76, 77, 78], "summary": {"covered_lines": 30, "num_statements": 41, "percent_covered": 73.17073170731707, "percent_covered_display": "73", "missing_lines": 11, "excluded_lines": 0, "percent_statements_covered": 73.17073170731707, "percent_statements_covered_display": "73"}, "missing_lines": [40, 50, 54, 55, 56, 57, 58, 59, 60, 73, 74], "excluded_lines": [], "start_line": 21}, "emit_item_progress": {"executed_lines": [82, 85, 86], "summary": {"covered_lines": 3, "num_statements": 5, "percent_covered": 60.0, "percent_covered_display": "60", "missing_lines": 2, "excluded_lines": 0, "percent_statements_covered": 60.0, "percent_statements_covered_display": "60"}, "missing_lines": [83, 84], "excluded_lines": [], "start_line": 81}, "_move_path_with_progress": {"executed_lines": [97, 98], "summary": {"covered_lines": 2, "num_statements": 5, "percent_covered": 40.0, "percent_covered_display": "40", "missing_lines": 3, "excluded_lines": 0, "percent_statements_covered": 40.0, "percent_statements_covered_display": "40"}, "missing_lines": [99, 100, 108], "excluded_lines": [], "start_line": 89}, "_copy_path_with_progress": {"executed_lines": [119, 120, 121, 123, 124, 125, 127, 128, 129, 130, 131, 132, 141, 142], "summary": {"covered_lines": 14, "num_statements": 16, "percent_covered": 87.5, "percent_covered_display": "88", "missing_lines": 2, "excluded_lines": 0, "percent_statements_covered": 87.5, "percent_statements_covered_display": "88"}, "missing_lines": [126, 143], "excluded_lines": [], "start_line": 111}, "_emit_progress": {"executed_lines": [154, 155, 160, 161, 162], "summary": {"covered_lines": 5, "num_statements": 8, "percent_covered": 62.5, "percent_covered_display": "62", "missing_lines": 3, "excluded_lines": 0, "percent_statements_covered": 62.5, "percent_statements_covered_display": "62"}, "missing_lines": [156, 157, 159], "excluded_lines": [], "start_line": 146}, "_path_size": {"executed_lines": [166, 167, 168], "summary": {"covered_lines": 3, "num_statements": 6, "percent_covered": 50.0, "percent_covered_display": "50", "missing_lines": 3, "excluded_lines": 0, "percent_statements_covered": 50.0, "percent_statements_covered_display": "50"}, "missing_lines": [169, 170, 171], "excluded_lines": [], "start_line": 165}, "": {"executed_lines": [1, 3, 4, 5, 6, 8, 11, 14, 21, 81, 89, 111, 146, 165], "summary": {"covered_lines": 14, "num_statements": 14, "percent_covered": 100.0, "percent_covered_display": "100", "missing_lines": 0, "excluded_lines": 0, "percent_statements_covered": 100.0, "percent_statements_covered_display": "100"}, "missing_lines": [], "excluded_lines": [], "start_line": 1}}, "classes": {"": {"executed_lines": [1, 3, 4, 5, 6, 8, 11, 14, 15, 16, 21, 30, 31, 32, 33, 34, 36, 38, 39, 42, 43, 45, 46, 47, 48, 49, 51, 53, 62, 63, 64, 65, 67, 68, 69, 70, 71, 72, 76, 77, 78, 81, 82, 85, 86, 89, 97, 98, 111, 119, 120, 121, 123, 124, 125, 127, 128, 129, 130, 131, 132, 141, 142, 146, 154, 155, 160, 161, 162, 165, 166, 167, 168], "summary": {"covered_lines": 73, "num_statements": 99, "percent_covered": 73.73737373737374, "percent_covered_display": "74", "missing_lines": 26, "excluded_lines": 0, "percent_statements_covered": 73.73737373737374, "percent_statements_covered_display": "74"}, "missing_lines": [17, 18, 40, 50, 54, 55, 56, 57, 58, 59, 60, 73, 74, 83, 84, 99, 100, 108, 126, 143, 156, 157, 159, 169, 170, 171], "excluded_lines": [], "start_line": 1}}}, "src/workflow_steps/transfer_step.py": {"executed_lines": [1, 3, 4, 5, 7, 8, 9, 10, 11, 14, 15, 17, 18, 19, 20, 22, 29, 31, 32, 33, 34, 39, 46, 48, 49, 50, 51, 52, 53, 56, 57, 58, 59, 61, 62, 64, 96, 132, 133, 134, 135, 136, 137, 142, 143, 144, 146, 147, 148, 149, 150, 151, 152, 169, 170, 171, 172], "summary": {"covered_lines": 57, "num_statements": 144, "percent_covered": 39.583333333333336, "percent_covered_display": "40", "missing_lines": 87, "excluded_lines": 0, "percent_statements_covered": 39.583333333333336, "percent_statements_covered_display": "40"}, "missing_lines": [30, 35, 36, 37, 47, 55, 60, 71, 73, 74, 75, 76, 77, 78, 79, 81, 82, 83, 84, 85, 86, 87, 88, 89, 90, 91, 92, 93, 94, 103, 105, 106, 107, 108, 109, 110, 111, 113, 114, 115, 116, 117, 118, 119, 120, 121, 122, 123, 124, 125, 126, 127, 128, 129, 130, 138, 139, 140, 141, 153, 154, 155, 156, 157, 158, 159, 160, 161, 162, 163, 164, 165, 166, 167, 173, 174, 175, 176, 177, 178, 179, 180, 181, 182, 183, 184, 185], "excluded_lines": [], "functions": {"TransferStep.__init__": {"executed_lines": [18, 19, 20], "summary": {"covered_lines": 3, "num_statements": 3, "percent_covered": 100.0, "percent_covered_display": "100", "missing_lines": 0, "excluded_lines": 0, "percent_statements_covered": 100.0, "percent_statements_covered_display": "100"}, "missing_lines": [], "excluded_lines": [], "start_line": 17}, "TransferStep.execute": {"executed_lines": [29, 31, 32, 33, 34], "summary": {"covered_lines": 5, "num_statements": 9, "percent_covered": 55.55555555555556, "percent_covered_display": "56", "missing_lines": 4, "excluded_lines": 0, "percent_statements_covered": 55.55555555555556, "percent_statements_covered_display": "56"}, "missing_lines": [30, 35, 36, 37], "excluded_lines": [], "start_line": 22}, "TransferStep.resume_inputs": {"executed_lines": [46, 48, 49, 50, 51, 52, 53, 56, 57, 58, 59, 61, 62], "summary": {"covered_lines": 13, "num_statements": 16, "percent_covered": 81.25, "percent_covered_display": "81", "missing_lines": 3, "excluded_lines": 0, "percent_statements_covered": 81.25, "percent_statements_covered_display": "81"}, "missing_lines": [47, 55, 60], "excluded_lines": [], "start_line": 39}, "TransferStep._execute_graph_sources": {"executed_lines": [], "summary": {"covered_lines": 0, "num_statements": 16, "percent_covered": 0.0, "percent_covered_display": "0", "missing_lines": 16, "excluded_lines": 0, "percent_statements_covered": 0.0, "percent_statements_covered_display": "0"}, "missing_lines": [71, 73, 81, 82, 83, 84, 85, 86, 87, 88, 89, 90, 91, 92, 93, 94], "excluded_lines": [], "start_line": 64}, "TransferStep._execute_graph_sources._wrap": {"executed_lines": [], "summary": {"covered_lines": 0, "num_statements": 2, "percent_covered": 0.0, "percent_covered_display": "0", "missing_lines": 2, "excluded_lines": 0, "percent_statements_covered": 0.0, "percent_statements_covered_display": "0"}, "missing_lines": [74, 79], "excluded_lines": [], "start_line": 73}, "TransferStep._execute_graph_sources._wrap._inner": {"executed_lines": [], "summary": {"covered_lines": 0, "num_statements": 4, "percent_covered": 0.0, "percent_covered_display": "0", "missing_lines": 4, "excluded_lines": 0, "percent_statements_covered": 0.0, "percent_statements_covered_display": "0"}, "missing_lines": [75, 76, 77, 78], "excluded_lines": [], "start_line": 74}, "TransferStep._resume_graph_sources": {"executed_lines": [], "summary": {"covered_lines": 0, "num_statements": 20, "percent_covered": 0.0, "percent_covered_display": "0", "missing_lines": 20, "excluded_lines": 0, "percent_statements_covered": 0.0, "percent_statements_covered_display": "0"}, "missing_lines": [103, 105, 113, 114, 115, 116, 117, 118, 119, 120, 121, 122, 123, 124, 125, 126, 127, 128, 129, 130], "excluded_lines": [], "start_line": 96}, "TransferStep._resume_graph_sources._wrap": {"executed_lines": [], "summary": {"covered_lines": 0, "num_statements": 2, "percent_covered": 0.0, "percent_covered_display": "0", "missing_lines": 2, "excluded_lines": 0, "percent_statements_covered": 0.0, "percent_statements_covered_display": "0"}, "missing_lines": [106, 111], "excluded_lines": [], "start_line": 105}, "TransferStep._resume_graph_sources._wrap._inner": {"executed_lines": [], "summary": {"covered_lines": 0, "num_statements": 4, "percent_covered": 0.0, "percent_covered_display": "0", "missing_lines": 4, "excluded_lines": 0, "percent_statements_covered": 0.0, "percent_statements_covered_display": "0"}, "missing_lines": [107, 108, 109, 110], "excluded_lines": [], "start_line": 106}, "TransferStep._resume_direct_files": {"executed_lines": [133, 134, 135, 136, 137, 142, 143, 144], "summary": {"covered_lines": 8, "num_statements": 12, "percent_covered": 66.66666666666667, "percent_covered_display": "67", "missing_lines": 4, "excluded_lines": 0, "percent_statements_covered": 66.66666666666667, "percent_statements_covered_display": "67"}, "missing_lines": [138, 139, 140, 141], "excluded_lines": [], "start_line": 132}, "TransferStep._resume_folder_scan": {"executed_lines": [147, 148, 149, 150, 151, 152], "summary": {"covered_lines": 6, "num_statements": 21, "percent_covered": 28.571428571428573, "percent_covered_display": "29", "missing_lines": 15, "excluded_lines": 0, "percent_statements_covered": 28.571428571428573, "percent_statements_covered_display": "29"}, "missing_lines": [153, 154, 155, 156, 157, 158, 159, 160, 161, 162, 163, 164, 165, 166, 167], "excluded_lines": [], "start_line": 146}, "TransferStep._resume_pi_download": {"executed_lines": [170, 171, 172], "summary": {"covered_lines": 3, "num_statements": 16, "percent_covered": 18.75, "percent_covered_display": "19", "missing_lines": 13, "excluded_lines": 0, "percent_statements_covered": 18.75, "percent_statements_covered_display": "19"}, "missing_lines": [173, 174, 175, 176, 177, 178, 179, 180, 181, 182, 183, 184, 185], "excluded_lines": [], "start_line": 169}, "": {"executed_lines": [1, 3, 4, 5, 7, 8, 9, 10, 11, 14, 15, 17, 22, 39, 64, 96, 132, 146, 169], "summary": {"covered_lines": 19, "num_statements": 19, "percent_covered": 100.0, "percent_covered_display": "100", "missing_lines": 0, "excluded_lines": 0, "percent_statements_covered": 100.0, "percent_statements_covered_display": "100"}, "missing_lines": [], "excluded_lines": [], "start_line": 1}}, "classes": {"TransferStep": {"executed_lines": [18, 19, 20, 29, 31, 32, 33, 34, 46, 48, 49, 50, 51, 52, 53, 56, 57, 58, 59, 61, 62, 133, 134, 135, 136, 137, 142, 143, 144, 147, 148, 149, 150, 151, 152, 170, 171, 172], "summary": {"covered_lines": 38, "num_statements": 125, "percent_covered": 30.4, "percent_covered_display": "30", "missing_lines": 87, "excluded_lines": 0, "percent_statements_covered": 30.4, "percent_statements_covered_display": "30"}, "missing_lines": [30, 35, 36, 37, 47, 55, 60, 71, 73, 74, 75, 76, 77, 78, 79, 81, 82, 83, 84, 85, 86, 87, 88, 89, 90, 91, 92, 93, 94, 103, 105, 106, 107, 108, 109, 110, 111, 113, 114, 115, 116, 117, 118, 119, 120, 121, 122, 123, 124, 125, 126, 127, 128, 129, 130, 138, 139, 140, 141, 153, 154, 155, 156, 157, 158, 159, 160, 161, 162, 163, 164, 165, 166, 167, 173, 174, 175, 176, 177, 178, 179, 180, 181, 182, 183, 184, 185], "excluded_lines": [], "start_line": 14}, "": {"executed_lines": [1, 3, 4, 5, 7, 8, 9, 10, 11, 14, 15, 17, 22, 39, 64, 96, 132, 146, 169], "summary": {"covered_lines": 19, "num_statements": 19, "percent_covered": 100.0, "percent_covered_display": "100", "missing_lines": 0, "excluded_lines": 0, "percent_statements_covered": 100.0, "percent_statements_covered_display": "100"}, "missing_lines": [], "excluded_lines": [], "start_line": 1}}}, "src/workflow_steps/youtube_upload_step.py": {"executed_lines": [1, 3, 4, 6, 7, 8, 11, 12, 14, 15, 16, 17, 18, 19, 20, 21, 22, 23, 24, 25, 30, 31, 32, 33, 34, 35, 36, 37, 38, 45, 50, 51, 52, 53, 54, 55, 56, 57, 62, 63, 65, 66, 67, 77, 78, 79, 80, 81, 83, 84, 85, 86, 88, 89, 99, 100, 101, 102, 103, 104, 105, 106, 107, 108, 109, 110, 111, 112, 119, 120, 121, 126, 127, 128, 129, 130, 131, 133, 134, 135, 136, 138, 139, 140, 141, 142], "summary": {"covered_lines": 86, "num_statements": 106, "percent_covered": 81.13207547169812, "percent_covered_display": "81", "missing_lines": 20, "excluded_lines": 0, "percent_statements_covered": 81.13207547169812, "percent_statements_covered_display": "81"}, "missing_lines": [46, 47, 48, 49, 82, 90, 91, 92, 93, 94, 95, 96, 97, 113, 114, 115, 116, 117, 118, 137], "excluded_lines": [], "functions": {"YoutubeUploadStep.execute": {"executed_lines": [15, 16, 17, 18, 19, 20, 21, 22, 23, 24, 25, 30, 31, 32, 33, 34, 35, 36, 37, 38, 45, 50, 51, 52, 53, 54, 55, 56, 57, 62, 63], "summary": {"covered_lines": 31, "num_statements": 35, "percent_covered": 88.57142857142857, "percent_covered_display": "89", "missing_lines": 4, "excluded_lines": 0, "percent_statements_covered": 88.57142857142857, "percent_statements_covered_display": "89"}, "missing_lines": [46, 47, 48, 49], "excluded_lines": [], "start_line": 14}, "YoutubeUploadStep._upload_to_youtube": {"executed_lines": [67], "summary": {"covered_lines": 1, "num_statements": 1, "percent_covered": 100.0, "percent_covered_display": "100", "missing_lines": 0, "excluded_lines": 0, "percent_statements_covered": 100.0, "percent_statements_covered_display": "100"}, "missing_lines": [], "excluded_lines": [], "start_line": 66}, "YoutubeUploadStep._build_error_summary": {"executed_lines": [79, 80, 81, 83, 84, 85, 86], "summary": {"covered_lines": 7, "num_statements": 8, "percent_covered": 87.5, "percent_covered_display": "88", "missing_lines": 1, "excluded_lines": 0, "percent_statements_covered": 87.5, "percent_statements_covered_display": "88"}, "missing_lines": [82], "excluded_lines": [], "start_line": 78}, "YoutubeUploadStep._build_cancelled_summary": {"executed_lines": [], "summary": {"covered_lines": 0, "num_statements": 8, "percent_covered": 0.0, "percent_covered_display": "0", "missing_lines": 8, "excluded_lines": 0, "percent_statements_covered": 0.0, "percent_statements_covered_display": "0"}, "missing_lines": [90, 91, 92, 93, 94, 95, 96, 97], "excluded_lines": [], "start_line": 89}, "YoutubeUploadStep._build_summary": {"executed_lines": [101, 102, 103, 104, 105, 106, 107, 108, 109, 110, 111, 112, 119, 120, 121, 126, 127, 128, 129, 130, 131], "summary": {"covered_lines": 21, "num_statements": 27, "percent_covered": 77.77777777777777, "percent_covered_display": "78", "missing_lines": 6, "excluded_lines": 0, "percent_statements_covered": 77.77777777777777, "percent_statements_covered_display": "78"}, "missing_lines": [113, 114, 115, 116, 117, 118], "excluded_lines": [], "start_line": 100}, "YoutubeUploadStep._upload_artifact": {"executed_lines": [135, 136, 138, 139, 140, 141, 142], "summary": {"covered_lines": 7, "num_statements": 8, "percent_covered": 87.5, "percent_covered_display": "88", "missing_lines": 1, "excluded_lines": 0, "percent_statements_covered": 87.5, "percent_statements_covered_display": "88"}, "missing_lines": [137], "excluded_lines": [], "start_line": 134}, "": {"executed_lines": [1, 3, 4, 6, 7, 8, 11, 12, 14, 65, 66, 77, 78, 88, 89, 99, 100, 133, 134], "summary": {"covered_lines": 19, "num_statements": 19, "percent_covered": 100.0, "percent_covered_display": "100", "missing_lines": 0, "excluded_lines": 0, "percent_statements_covered": 100.0, "percent_statements_covered_display": "100"}, "missing_lines": [], "excluded_lines": [], "start_line": 1}}, "classes": {"YoutubeUploadStep": {"executed_lines": [15, 16, 17, 18, 19, 20, 21, 22, 23, 24, 25, 30, 31, 32, 33, 34, 35, 36, 37, 38, 45, 50, 51, 52, 53, 54, 55, 56, 57, 62, 63, 67, 79, 80, 81, 83, 84, 85, 86, 101, 102, 103, 104, 105, 106, 107, 108, 109, 110, 111, 112, 119, 120, 121, 126, 127, 128, 129, 130, 131, 135, 136, 138, 139, 140, 141, 142], "summary": {"covered_lines": 67, "num_statements": 87, "percent_covered": 77.01149425287356, "percent_covered_display": "77", "missing_lines": 20, "excluded_lines": 0, "percent_statements_covered": 77.01149425287356, "percent_statements_covered_display": "77"}, "missing_lines": [46, 47, 48, 49, 82, 90, 91, 92, 93, 94, 95, 96, 97, 113, 114, 115, 116, 117, 118, 137], "excluded_lines": [], "start_line": 11}, "": {"executed_lines": [1, 3, 4, 6, 7, 8, 11, 12, 14, 65, 66, 77, 78, 88, 89, 99, 100, 133, 134], "summary": {"covered_lines": 19, "num_statements": 19, "percent_covered": 100.0, "percent_covered_display": "100", "missing_lines": 0, "excluded_lines": 0, "percent_statements_covered": 100.0, "percent_statements_covered_display": "100"}, "missing_lines": [], "excluded_lines": [], "start_line": 1}}}, "src/workflow_steps/youtube_version_step.py": {"executed_lines": [1, 3, 4, 6, 7, 8, 9, 10, 13, 14, 16, 17, 18, 19, 21, 22, 23, 24, 25, 26, 31, 32, 33, 34, 35, 41, 42, 43, 44, 45, 50, 51, 52, 62, 64, 65, 66, 67, 68, 82, 87, 95, 96, 101, 102, 104, 105, 106, 107, 108, 109, 113], "summary": {"covered_lines": 52, "num_statements": 69, "percent_covered": 75.3623188405797, "percent_covered_display": "75", "missing_lines": 17, "excluded_lines": 0, "percent_statements_covered": 75.3623188405797, "percent_statements_covered_display": "75"}, "missing_lines": [53, 56, 57, 58, 59, 60, 61, 63, 83, 84, 85, 86, 88, 89, 90, 91, 94], "excluded_lines": [], "functions": {"YoutubeVersionStep.execute": {"executed_lines": [17, 18, 19, 21, 22, 23, 24, 25, 26, 31, 32, 33, 34, 35, 41, 42, 43, 44, 45, 50, 51, 52, 62, 64, 65, 66, 67, 68, 82, 87, 95, 96, 101, 102], "summary": {"covered_lines": 34, "num_statements": 51, "percent_covered": 66.66666666666667, "percent_covered_display": "67", "missing_lines": 17, "excluded_lines": 0, "percent_statements_covered": 66.66666666666667, "percent_statements_covered_display": "67"}, "missing_lines": [53, 56, 57, 58, 59, 60, 61, 63, 83, 84, 85, 86, 88, 89, 90, 91, 94], "excluded_lines": [], "start_line": 16}, "YoutubeVersionStep._existing_youtube_version": {"executed_lines": [106, 107, 108, 109, 113], "summary": {"covered_lines": 5, "num_statements": 5, "percent_covered": 100.0, "percent_covered_display": "100", "missing_lines": 0, "excluded_lines": 0, "percent_statements_covered": 100.0, "percent_statements_covered_display": "100"}, "missing_lines": [], "excluded_lines": [], "start_line": 105}, "": {"executed_lines": [1, 3, 4, 6, 7, 8, 9, 10, 13, 14, 16, 104, 105], "summary": {"covered_lines": 13, "num_statements": 13, "percent_covered": 100.0, "percent_covered_display": "100", "missing_lines": 0, "excluded_lines": 0, "percent_statements_covered": 100.0, "percent_statements_covered_display": "100"}, "missing_lines": [], "excluded_lines": [], "start_line": 1}}, "classes": {"YoutubeVersionStep": {"executed_lines": [17, 18, 19, 21, 22, 23, 24, 25, 26, 31, 32, 33, 34, 35, 41, 42, 43, 44, 45, 50, 51, 52, 62, 64, 65, 66, 67, 68, 82, 87, 95, 96, 101, 102, 106, 107, 108, 109, 113], "summary": {"covered_lines": 39, "num_statements": 56, "percent_covered": 69.64285714285714, "percent_covered_display": "70", "missing_lines": 17, "excluded_lines": 0, "percent_statements_covered": 69.64285714285714, "percent_statements_covered_display": "70"}, "missing_lines": [53, 56, 57, 58, 59, 60, 61, 63, 83, 84, 85, 86, 88, 89, 90, 91, 94], "excluded_lines": [], "start_line": 13}, "": {"executed_lines": [1, 3, 4, 6, 7, 8, 9, 10, 13, 14, 16, 104, 105], "summary": {"covered_lines": 13, "num_statements": 13, "percent_covered": 100.0, "percent_covered_display": "100", "missing_lines": 0, "excluded_lines": 0, "percent_statements_covered": 100.0, "percent_statements_covered_display": "100"}, "missing_lines": [], "excluded_lines": [], "start_line": 1}}}}, "totals": {"covered_lines": 11100, "num_statements": 14891, "percent_covered": 74.54166946477739, "percent_covered_display": "75", "missing_lines": 3791, "excluded_lines": 82, "percent_statements_covered": 74.54166946477739, "percent_statements_covered_display": "75"}}